<?xml version="1.0" encoding="UTF-8"?>
<testsuite name="JUnit Vintage" tests="9" skipped="0" failures="0" errors="0" time="4.314" hostname="whowes.c.googlers.com" timestamp="2026-07-10T21:09:39">
<properties>
[...]
</properties>
<testcase name="detectIntentTest" classname="com.google.cloud.dialogflow.v2.it.ITSystemTest" time="2.229">
<system-out><![CDATA[
unique-id: [engine:junit-vintage]/[runner:com.google.cloud.dialogflow.v2.it.ITSystemTest]/[test:detectIntentTest(com.google.cloud.dialogflow.v2.it.ITSystemTest)]
display-name: detectIntentTest
]]></system-out>
</testcase>
<testcase name="getContextTest" classname="com.google.cloud.dialogflow.v2.it.ITSystemTest" time="0.142">
<system-out><![CDATA[
unique-id: [engine:junit-vintage]/[runner:com.google.cloud.dialogflow.v2.it.ITSystemTest]/[test:getContextTest(com.google.cloud.dialogflow.v2.it.ITSystemTest)]
display-name: getContextTest
]]></system-out>
</testcase>
<testcase name="getAgentTest" classname="com.google.cloud.dialogflow.v2.it.ITSystemTest" time="0.192">
<system-out><![CDATA[
unique-id: [engine:junit-vintage]/[runner:com.google.cloud.dialogflow.v2.it.ITSystemTest]/[test:getAgentTest(com.google.cloud.dialogflow.v2.it.ITSystemTest)]
display-name: getAgentTest
]]></system-out>
</testcase>
<testcase name="listContextsTest" classname="com.google.cloud.dialogflow.v2.it.ITSystemTest" time="0.14">
<system-out><![CDATA[
unique-id: [engine:junit-vintage]/[runner:com.google.cloud.dialogflow.v2.it.ITSystemTest]/[test:listContextsTest(com.google.cloud.dialogflow.v2.it.ITSystemTest)]
display-name: listContextsTest
]]></system-out>
</testcase>
<testcase name="listEntityTypesTest" classname="com.google.cloud.dialogflow.v2.it.ITSystemTest" time="0.17">
<system-out><![CDATA[
unique-id: [engine:junit-vintage]/[runner:com.google.cloud.dialogflow.v2.it.ITSystemTest]/[test:listEntityTypesTest(com.google.cloud.dialogflow.v2.it.ITSystemTest)]
display-name: listEntityTypesTest
]]></system-out>
</testcase>
<testcase name="searchAgentsTest" classname="com.google.cloud.dialogflow.v2.it.ITSystemTest" time="0.06">
<system-out><![CDATA[
unique-id: [engine:junit-vintage]/[runner:com.google.cloud.dialogflow.v2.it.ITSystemTest]/[test:searchAgentsTest(com.google.cloud.dialogflow.v2.it.ITSystemTest)]
display-name: searchAgentsTest
]]></system-out>
</testcase>
<testcase name="listIntentsTest" classname="com.google.cloud.dialogflow.v2.it.ITSystemTest" time="0.086">
<system-out><![CDATA[
unique-id: [engine:junit-vintage]/[runner:com.google.cloud.dialogflow.v2.it.ITSystemTest]/[test:listIntentsTest(com.google.cloud.dialogflow.v2.it.ITSystemTest)]
display-name: listIntentsTest
]]></system-out>
</testcase>
<testcase name="getIntentTest" classname="com.google.cloud.dialogflow.v2.it.ITSystemTest" time="0.074">
<system-out><![CDATA[
unique-id: [engine:junit-vintage]/[runner:com.google.cloud.dialogflow.v2.it.ITSystemTest]/[test:getIntentTest(com.google.cloud.dialogflow.v2.it.ITSystemTest)]
display-name: getIntentTest
]]></system-out>
</testcase>
<testcase name="getEntityTypeTest" classname="com.google.cloud.dialogflow.v2.it.ITSystemTest" time="0.137">
<system-out><![CDATA[
unique-id: [engine:junit-vintage]/[runner:com.google.cloud.dialogflow.v2.it.ITSystemTest]/[test:getEntityTypeTest(com.google.cloud.dialogflow.v2.it.ITSystemTest)]
display-name: getEntityTypeTest
]]></system-out>
</testcase>
<system-out><![CDATA[
unique-id: [engine:junit-vintage]
display-name: JUnit Vintage
]]></system-out>
</testsuite>
