<?xml version="1.0"?>
<!DOCTYPE coverage SYSTEM "http://cobertura.sourceforge.net/xml/coverage-04.dtd">

<coverage line-rate="0.7847435335379219" branch-rate="0.6782729805013927" lines-covered="1790" lines-valid="2281" branches-covered="487" branches-valid="718" complexity="1.4552683896620278" version="2.0.3" timestamp="1425003837760">
	<sources>
		<source>/home/travis/build/GoogleCloudPlatform/gcloud-java/src/main/java</source>
		<source>--source</source>
		<source>/home/travis/build/GoogleCloudPlatform/gcloud-java/target/generated-sources/annotations</source>
	</sources>
	<packages>
		<package name="com.google.gcloud" line-rate="0.785234899328859" branch-rate="0.64" complexity="1.702970297029703">
			<classes>
				<class name="com.google.gcloud.AuthConfig" filename="com/google/gcloud/AuthConfig.java" line-rate="0.5555555555555556" branch-rate="1.0" complexity="1.0909090909090908">
					<methods>
						<method name="createFor" signature="(Ljava/lang/String;Ljava/security/PrivateKey;)Lcom/google/gcloud/AuthConfig;" line-rate="0.0" branch-rate="1.0">
							<lines>
								<line number="95" hits="0" branch="false"/>
							</lines>
						</method>
						<method name="createForAppEngine" signature="()Lcom/google/gcloud/AuthConfig;" line-rate="0.0" branch-rate="1.0">
							<lines>
								<line number="80" hits="0" branch="false"/>
							</lines>
						</method>
						<method name="createForComputeEngine" signature="()Lcom/google/gcloud/AuthConfig;" line-rate="0.5" branch-rate="1.0">
							<lines>
								<line number="84" hits="52" branch="false"/>
								<line number="85" hits="0" branch="false"/>
							</lines>
						</method>
						<method name="getComputeCredential" signature="()Lcom/google/api/client/googleapis/compute/ComputeCredential;" line-rate="0.75" branch-rate="1.0">
							<lines>
								<line number="103" hits="104" branch="false"/>
								<line number="105" hits="104" branch="false"/>
								<line number="107" hits="104" branch="false"/>
								<line number="108" hits="0" branch="false"/>
							</lines>
						</method>
						<method name="noCredentials" signature="()Lcom/google/gcloud/AuthConfig;" line-rate="1.0" branch-rate="1.0">
							<lines>
								<line number="99" hits="52" branch="false"/>
							</lines>
						</method>
					</methods>
					<lines>
						<line number="80" hits="0" branch="false"/>
						<line number="84" hits="52" branch="false"/>
						<line number="85" hits="0" branch="false"/>
						<line number="95" hits="0" branch="false"/>
						<line number="99" hits="52" branch="false"/>
						<line number="103" hits="104" branch="false"/>
						<line number="105" hits="104" branch="false"/>
						<line number="107" hits="104" branch="false"/>
						<line number="108" hits="0" branch="false"/>
					</lines>
				</class>
				<class name="com.google.gcloud.AuthConfig$1" filename="com/google/gcloud/AuthConfig.java" line-rate="0.0" branch-rate="1.0" complexity="1.0909090909090908">
					<methods>
						<method name="httpRequestInitializer" signature="(Lcom/google/api/client/http/HttpTransport;Ljava/util/Set;)Lcom/google/api/client/http/HttpRequestInitializer;" line-rate="0.0" branch-rate="1.0">
							<lines>
								<line number="89" hits="0" branch="false"/>
							</lines>
						</method>
					</methods>
					<lines>
						<line number="89" hits="0" branch="false"/>
					</lines>
				</class>
				<class name="com.google.gcloud.AuthConfig$AppEngineAuthConfig" filename="com/google/gcloud/AuthConfig.java" line-rate="0.0" branch-rate="1.0" complexity="1.0909090909090908">
					<methods>
						<method name="&lt;init&gt;" signature="(Lcom/google/gcloud/AuthConfig$1;)V" line-rate="0.0" branch-rate="1.0">
							<lines>
								<line number="37" hits="0" branch="false"/>
							</lines>
						</method>
						<method name="httpRequestInitializer" signature="(Lcom/google/api/client/http/HttpTransport;Ljava/util/Set;)Lcom/google/api/client/http/HttpRequestInitializer;" line-rate="0.0" branch-rate="1.0">
							<lines>
								<line number="42" hits="0" branch="false"/>
							</lines>
						</method>
					</methods>
					<lines>
						<line number="37" hits="0" branch="false"/>
						<line number="42" hits="0" branch="false"/>
					</lines>
				</class>
				<class name="com.google.gcloud.AuthConfig$ServiceAccountAuthConfig" filename="com/google/gcloud/AuthConfig.java" line-rate="0.0" branch-rate="0.0" complexity="1.0909090909090908">
					<methods>
						<method name="&lt;init&gt;" signature="(Ljava/lang/String;Ljava/security/PrivateKey;)V" line-rate="0.0" branch-rate="1.0">
							<lines>
								<line number="51" hits="0" branch="false"/>
								<line number="52" hits="0" branch="false"/>
								<line number="53" hits="0" branch="false"/>
								<line number="54" hits="0" branch="false"/>
							</lines>
						</method>
						<method name="httpRequestInitializer" signature="(Lcom/google/api/client/http/HttpTransport;Ljava/util/Set;)Lcom/google/api/client/http/HttpRequestInitializer;" line-rate="0.0" branch-rate="0.0">
							<lines>
								<line number="64" hits="0" branch="false"/>
								<line number="67" hits="0" branch="true" condition-coverage="0% (0/2)">
									<conditions>
										<condition number="0" type="jump" coverage="0%"/>
									</conditions>
								</line>
								<line number="68" hits="0" branch="false"/>
								<line number="69" hits="0" branch="false"/>
								<line number="70" hits="0" branch="false"/>
								<line number="72" hits="0" branch="false"/>
							</lines>
						</method>
					</methods>
					<lines>
						<line number="51" hits="0" branch="false"/>
						<line number="52" hits="0" branch="false"/>
						<line number="53" hits="0" branch="false"/>
						<line number="54" hits="0" branch="false"/>
						<line number="64" hits="0" branch="false"/>
						<line number="67" hits="0" branch="true" condition-coverage="0% (0/2)">
							<conditions>
								<condition number="0" type="jump" coverage="0%"/>
							</conditions>
						</line>
						<line number="68" hits="0" branch="false"/>
						<line number="69" hits="0" branch="false"/>
						<line number="70" hits="0" branch="false"/>
						<line number="72" hits="0" branch="false"/>
					</lines>
				</class>
				<class name="com.google.gcloud.BaseService" filename="com/google/gcloud/BaseService.java" line-rate="1.0" branch-rate="1.0" complexity="1.0">
					<methods>
						<method name="options" signature="()Lcom/google/gcloud/ServiceOptions;" line-rate="1.0" branch-rate="1.0">
							<lines>
								<line number="13" hits="100" branch="false"/>
							</lines>
						</method>
					</methods>
					<lines>
						<line number="13" hits="100" branch="false"/>
					</lines>
				</class>
				<class name="com.google.gcloud.ExceptionHandler" filename="com/google/gcloud/ExceptionHandler.java" line-rate="0.9636363636363636" branch-rate="1.0" complexity="2.272727272727273">
					<methods>
						<method name="&lt;clinit&gt;" signature="()V" line-rate="1.0" branch-rate="1.0">
							<lines>
								<line number="40" hits="1" branch="false"/>
							</lines>
						</method>
						<method name="&lt;init&gt;" signature="(Lcom/google/gcloud/ExceptionHandler$Builder;)V" line-rate="1.0" branch-rate="1.0">
							<lines>
								<line number="46" hits="10" branch="false"/>
								<line number="184" hits="10" branch="false"/>
								<line number="185" hits="10" branch="false"/>
								<line number="186" hits="10" branch="false"/>
								<line number="187" hits="10" branch="false"/>
								<line number="188" hits="10" branch="false"/>
								<line number="191" hits="10" branch="true" condition-coverage="100% (2/2)">
									<conditions>
										<condition number="0" type="jump" coverage="100%"/>
									</conditions>
								</line>
								<line number="192" hits="13" branch="false"/>
								<line number="193" hits="13" branch="false"/>
								<line number="194" hits="10" branch="true" condition-coverage="100% (2/2)">
									<conditions>
										<condition number="0" type="jump" coverage="100%"/>
									</conditions>
								</line>
								<line number="195" hits="11" branch="false"/>
								<line number="196" hits="11" branch="false"/>
								<line number="197" hits="10" branch="false"/>
							</lines>
						</method>
						<method name="&lt;init&gt;" signature="(Lcom/google/gcloud/ExceptionHandler$Builder;Lcom/google/gcloud/ExceptionHandler$1;)V" line-rate="1.0" branch-rate="1.0">
							<lines>
								<line number="36" hits="10" branch="false"/>
							</lines>
						</method>
						<method name="addRetryInfo" signature="(Lcom/google/gcloud/ExceptionHandler$RetryInfo;Ljava/util/Set;)V" line-rate="1.0" branch-rate="1.0">
							<lines>
								<line number="200" hits="29" branch="true" condition-coverage="100% (2/2)">
									<conditions>
										<condition number="0" type="jump" coverage="100%"/>
									</conditions>
								</line>
								<line number="201" hits="21" branch="true" condition-coverage="100% (2/2)">
									<conditions>
										<condition number="0" type="jump" coverage="100%"/>
									</conditions>
								</line>
								<line number="202" hits="5" branch="false"/>
								<line number="203" hits="5" branch="false"/>
								<line number="205" hits="16" branch="true" condition-coverage="100% (2/2)">
									<conditions>
										<condition number="0" type="jump" coverage="100%"/>
									</conditions>
								</line>
								<line number="206" hits="2" branch="false"/>
								<line number="208" hits="16" branch="false"/>
								<line number="209" hits="24" branch="false"/>
								<line number="210" hits="24" branch="false"/>
								<line number="211" hits="24" branch="false"/>
							</lines>
						</method>
						<method name="builder" signature="()Lcom/google/gcloud/ExceptionHandler$Builder;" line-rate="1.0" branch-rate="1.0">
							<lines>
								<line number="281" hits="9" branch="false"/>
							</lines>
						</method>
						<method name="findMostSpecificRetryInfo" signature="(Ljava/util/Set;Ljava/lang/Class;)Lcom/google/gcloud/ExceptionHandler$RetryInfo;" line-rate="1.0" branch-rate="1.0">
							<lines>
								<line number="215" hits="374" branch="true" condition-coverage="100% (2/2)">
									<conditions>
										<condition number="0" type="jump" coverage="100%"/>
									</conditions>
								</line>
								<line number="216" hits="356" branch="true" condition-coverage="100% (2/2)">
									<conditions>
										<condition number="0" type="jump" coverage="100%"/>
									</conditions>
								</line>
								<line number="217" hits="189" branch="false"/>
								<line number="218" hits="189" branch="true" condition-coverage="100% (2/2)">
									<conditions>
										<condition number="0" type="jump" coverage="100%"/>
									</conditions>
								</line>
								<line number="220" hits="167" branch="false"/>
								<line number="221" hits="185" branch="false"/>
							</lines>
						</method>
						<method name="getCallableMethod" signature="(Ljava/lang/Class;)Ljava/lang/reflect/Method;" line-rate="0.6" branch-rate="1.0">
							<lines>
								<line number="227" hits="135" branch="false"/>
								<line number="228" hits="2" branch="false"/>
								<line number="230" hits="2" branch="false"/>
								<line number="231" hits="0" branch="false"/>
								<line number="233" hits="0" branch="false"/>
							</lines>
						</method>
						<method name="getDefaultInstance" signature="()Lcom/google/gcloud/ExceptionHandler;" line-rate="1.0" branch-rate="1.0">
							<lines>
								<line number="277" hits="6" branch="false"/>
							</lines>
						</method>
						<method name="shouldRetry" signature="(Ljava/lang/Exception;)Z" line-rate="1.0" branch-rate="1.0">
							<lines>
								<line number="258" hits="63" branch="true" condition-coverage="100% (2/2)">
									<conditions>
										<condition number="0" type="jump" coverage="100%"/>
									</conditions>
								</line>
								<line number="259" hits="20" branch="false"/>
								<line number="260" hits="20" branch="true" condition-coverage="100% (2/2)">
									<conditions>
										<condition number="0" type="jump" coverage="100%"/>
									</conditions>
								</line>
								<line number="261" hits="10" branch="false"/>
								<line number="263" hits="10" branch="false"/>
								<line number="264" hits="53" branch="false"/>
								<line number="265" hits="53" branch="true" condition-coverage="100% (2/2)">
									<conditions>
										<condition number="0" type="jump" coverage="100%"/>
									</conditions>
								</line>
								<line number="267" hits="53" branch="true" condition-coverage="100% (2/2)">
									<conditions>
										<condition number="0" type="jump" coverage="100%"/>
									</conditions>
								</line>
								<line number="268" hits="10" branch="false"/>
								<line number="269" hits="10" branch="false"/>
								<line number="270" hits="53" branch="false"/>
							</lines>
						</method>
						<method name="verifyCaller" signature="(Ljava/util/concurrent/Callable;)V" line-rate="1.0" branch-rate="1.0">
							<lines>
								<line number="238" hits="133" branch="false"/>
								<line number="239" hits="262" branch="true" condition-coverage="100% (2/2)">
									<conditions>
										<condition number="0" type="jump" coverage="100%"/>
									</conditions>
								</line>
								<line number="240" hits="134" branch="false"/>
								<line number="242" hits="132" branch="false"/>
								<line number="244" hits="132" branch="true" condition-coverage="100% (2/2)">
									<conditions>
										<condition number="0" type="jump" coverage="100%"/>
									</conditions>
								</line>
								<line number="247" hits="128" branch="false"/>
							</lines>
						</method>
					</methods>
					<lines>
						<line number="36" hits="10" branch="false"/>
						<line number="40" hits="1" branch="false"/>
						<line number="46" hits="10" branch="false"/>
						<line number="184" hits="10" branch="false"/>
						<line number="185" hits="10" branch="false"/>
						<line number="186" hits="10" branch="false"/>
						<line number="187" hits="10" branch="false"/>
						<line number="188" hits="10" branch="false"/>
						<line number="191" hits="10" branch="true" condition-coverage="100% (2/2)">
							<conditions>
								<condition number="0" type="jump" coverage="100%"/>
							</conditions>
						</line>
						<line number="192" hits="13" branch="false"/>
						<line number="193" hits="13" branch="false"/>
						<line number="194" hits="10" branch="true" condition-coverage="100% (2/2)">
							<conditions>
								<condition number="0" type="jump" coverage="100%"/>
							</conditions>
						</line>
						<line number="195" hits="11" branch="false"/>
						<line number="196" hits="11" branch="false"/>
						<line number="197" hits="10" branch="false"/>
						<line number="200" hits="29" branch="true" condition-coverage="100% (2/2)">
							<conditions>
								<condition number="0" type="jump" coverage="100%"/>
							</conditions>
						</line>
						<line number="201" hits="21" branch="true" condition-coverage="100% (2/2)">
							<conditions>
								<condition number="0" type="jump" coverage="100%"/>
							</conditions>
						</line>
						<line number="202" hits="5" branch="false"/>
						<line number="203" hits="5" branch="false"/>
						<line number="205" hits="16" branch="true" condition-coverage="100% (2/2)">
							<conditions>
								<condition number="0" type="jump" coverage="100%"/>
							</conditions>
						</line>
						<line number="206" hits="2" branch="false"/>
						<line number="208" hits="16" branch="false"/>
						<line number="209" hits="24" branch="false"/>
						<line number="210" hits="24" branch="false"/>
						<line number="211" hits="24" branch="false"/>
						<line number="215" hits="374" branch="true" condition-coverage="100% (2/2)">
							<conditions>
								<condition number="0" type="jump" coverage="100%"/>
							</conditions>
						</line>
						<line number="216" hits="356" branch="true" condition-coverage="100% (2/2)">
							<conditions>
								<condition number="0" type="jump" coverage="100%"/>
							</conditions>
						</line>
						<line number="217" hits="189" branch="false"/>
						<line number="218" hits="189" branch="true" condition-coverage="100% (2/2)">
							<conditions>
								<condition number="0" type="jump" coverage="100%"/>
							</conditions>
						</line>
						<line number="220" hits="167" branch="false"/>
						<line number="221" hits="185" branch="false"/>
						<line number="227" hits="135" branch="false"/>
						<line number="228" hits="2" branch="false"/>
						<line number="230" hits="2" branch="false"/>
						<line number="231" hits="0" branch="false"/>
						<line number="233" hits="0" branch="false"/>
						<line number="238" hits="133" branch="false"/>
						<line number="239" hits="262" branch="true" condition-coverage="100% (2/2)">
							<conditions>
								<condition number="0" type="jump" coverage="100%"/>
							</conditions>
						</line>
						<line number="240" hits="134" branch="false"/>
						<line number="242" hits="132" branch="false"/>
						<line number="244" hits="132" branch="true" condition-coverage="100% (2/2)">
							<conditions>
								<condition number="0" type="jump" coverage="100%"/>
							</conditions>
						</line>
						<line number="247" hits="128" branch="false"/>
						<line number="258" hits="63" branch="true" condition-coverage="100% (2/2)">
							<conditions>
								<condition number="0" type="jump" coverage="100%"/>
							</conditions>
						</line>
						<line number="259" hits="20" branch="false"/>
						<line number="260" hits="20" branch="true" condition-coverage="100% (2/2)">
							<conditions>
								<condition number="0" type="jump" coverage="100%"/>
							</conditions>
						</line>
						<line number="261" hits="10" branch="false"/>
						<line number="263" hits="10" branch="false"/>
						<line number="264" hits="53" branch="false"/>
						<line number="265" hits="53" branch="true" condition-coverage="100% (2/2)">
							<conditions>
								<condition number="0" type="jump" coverage="100%"/>
							</conditions>
						</line>
						<line number="267" hits="53" branch="true" condition-coverage="100% (2/2)">
							<conditions>
								<condition number="0" type="jump" coverage="100%"/>
							</conditions>
						</line>
						<line number="268" hits="10" branch="false"/>
						<line number="269" hits="10" branch="false"/>
						<line number="270" hits="53" branch="false"/>
						<line number="277" hits="6" branch="false"/>
						<line number="281" hits="9" branch="false"/>
					</lines>
				</class>
				<class name="com.google.gcloud.ExceptionHandler$1" filename="com/google/gcloud/ExceptionHandler.java" line-rate="1.0" branch-rate="1.0" complexity="2.272727272727273">
					<methods>
					</methods>
					<lines>
					</lines>
				</class>
				<class name="com.google.gcloud.ExceptionHandler$Builder" filename="com/google/gcloud/ExceptionHandler.java" line-rate="1.0" branch-rate="1.0" complexity="2.272727272727273">
					<methods>
						<method name="&lt;init&gt;" signature="()V" line-rate="1.0" branch-rate="1.0">
							<lines>
								<line number="93" hits="9" branch="false"/>
								<line number="94" hits="9" branch="false"/>
								<line number="96" hits="9" branch="false"/>
								<line number="99" hits="9" branch="false"/>
								<line number="100" hits="9" branch="false"/>
							</lines>
						</method>
						<method name="&lt;init&gt;" signature="(Lcom/google/gcloud/ExceptionHandler$1;)V" line-rate="1.0" branch-rate="1.0">
							<lines>
								<line number="91" hits="39" branch="false"/>
							</lines>
						</method>
						<method name="abortOn" signature="([Ljava/lang/Class;)Lcom/google/gcloud/ExceptionHandler$Builder;" line-rate="1.0" branch-rate="1.0">
							<lines>
								<line number="139" hits="13" branch="true" condition-coverage="100% (2/2)">
									<conditions>
										<condition number="0" type="jump" coverage="100%"/>
									</conditions>
								</line>
								<line number="140" hits="8" branch="false"/>
								<line number="142" hits="5" branch="false"/>
							</lines>
						</method>
						<method name="access$100" signature="(Lcom/google/gcloud/ExceptionHandler$Builder;)Lcom/google/common/collect/ImmutableList$Builder;" line-rate="1.0" branch-rate="1.0">
							<lines>
							</lines>
						</method>
						<method name="access$200" signature="(Lcom/google/gcloud/ExceptionHandler$Builder;)Lcom/google/common/collect/ImmutableSet$Builder;" line-rate="1.0" branch-rate="1.0">
							<lines>
							</lines>
						</method>
						<method name="access$300" signature="(Lcom/google/gcloud/ExceptionHandler$Builder;)Lcom/google/common/collect/ImmutableSet$Builder;" line-rate="1.0" branch-rate="1.0">
							<lines>
							</lines>
						</method>
						<method name="build" signature="()Lcom/google/gcloud/ExceptionHandler;" line-rate="1.0" branch-rate="1.0">
							<lines>
								<line number="149" hits="10" branch="false"/>
							</lines>
						</method>
						<method name="interceptor" signature="([Lcom/google/gcloud/ExceptionHandler$Interceptor;)Lcom/google/gcloud/ExceptionHandler$Builder;" line-rate="1.0" branch-rate="1.0">
							<lines>
								<line number="111" hits="4" branch="true" condition-coverage="100% (2/2)">
									<conditions>
										<condition number="0" type="jump" coverage="100%"/>
									</conditions>
								</line>
								<line number="112" hits="2" branch="false"/>
								<line number="114" hits="2" branch="false"/>
							</lines>
						</method>
						<method name="retryOn" signature="([Ljava/lang/Class;)Lcom/google/gcloud/ExceptionHandler$Builder;" line-rate="1.0" branch-rate="1.0">
							<lines>
								<line number="125" hits="19" branch="true" condition-coverage="100% (2/2)">
									<conditions>
										<condition number="0" type="jump" coverage="100%"/>
									</conditions>
								</line>
								<line number="126" hits="11" branch="false"/>
								<line number="128" hits="8" branch="false"/>
							</lines>
						</method>
					</methods>
					<lines>
						<line number="91" hits="39" branch="false"/>
						<line number="93" hits="9" branch="false"/>
						<line number="94" hits="9" branch="false"/>
						<line number="96" hits="9" branch="false"/>
						<line number="99" hits="9" branch="false"/>
						<line number="100" hits="9" branch="false"/>
						<line number="111" hits="4" branch="true" condition-coverage="100% (2/2)">
							<conditions>
								<condition number="0" type="jump" coverage="100%"/>
							</conditions>
						</line>
						<line number="112" hits="2" branch="false"/>
						<line number="114" hits="2" branch="false"/>
						<line number="125" hits="19" branch="true" condition-coverage="100% (2/2)">
							<conditions>
								<condition number="0" type="jump" coverage="100%"/>
							</conditions>
						</line>
						<line number="126" hits="11" branch="false"/>
						<line number="128" hits="8" branch="false"/>
						<line number="139" hits="13" branch="true" condition-coverage="100% (2/2)">
							<conditions>
								<condition number="0" type="jump" coverage="100%"/>
							</conditions>
						</line>
						<line number="140" hits="8" branch="false"/>
						<line number="142" hits="5" branch="false"/>
						<line number="149" hits="10" branch="false"/>
					</lines>
				</class>
				<class name="com.google.gcloud.ExceptionHandler$Interceptor" filename="com/google/gcloud/ExceptionHandler.java" line-rate="1.0" branch-rate="1.0" complexity="2.272727272727273">
					<methods>
					</methods>
					<lines>
					</lines>
				</class>
				<class name="com.google.gcloud.ExceptionHandler$Interceptor$RetryResult" filename="com/google/gcloud/ExceptionHandler.java" line-rate="1.0" branch-rate="1.0" complexity="2.272727272727273">
					<methods>
						<method name="&lt;clinit&gt;" signature="()V" line-rate="1.0" branch-rate="1.0">
							<lines>
								<line number="50" hits="1" branch="false"/>
								<line number="52" hits="1" branch="false"/>
								<line number="53" hits="1" branch="false"/>
							</lines>
						</method>
						<method name="booleanValue" signature="()Z" line-rate="1.0" branch-rate="1.0">
							<lines>
								<line number="62" hits="63" branch="false"/>
							</lines>
						</method>
						<method name="valueOf" signature="(Ljava/lang/String;)Lcom/google/gcloud/ExceptionHandler$Interceptor$RetryResult;" line-rate="1.0" branch-rate="1.0">
							<lines>
							</lines>
						</method>
						<method name="values" signature="()[Lcom/google/gcloud/ExceptionHandler$Interceptor$RetryResult;" line-rate="1.0" branch-rate="1.0">
							<lines>
							</lines>
						</method>
					</methods>
					<lines>
						<line number="50" hits="1" branch="false"/>
						<line number="52" hits="1" branch="false"/>
						<line number="53" hits="1" branch="false"/>
						<line number="62" hits="63" branch="false"/>
					</lines>
				</class>
				<class name="com.google.gcloud.ExceptionHandler$RetryInfo" filename="com/google/gcloud/ExceptionHandler.java" line-rate="0.5833333333333334" branch-rate="0.0" complexity="2.272727272727273">
					<methods>
						<method name="&lt;init&gt;" signature="(Ljava/lang/Class;Lcom/google/gcloud/ExceptionHandler$Interceptor$RetryResult;)V" line-rate="1.0" branch-rate="1.0">
							<lines>
								<line number="159" hits="24" branch="false"/>
								<line number="161" hits="24" branch="false"/>
								<line number="162" hits="24" branch="false"/>
								<line number="163" hits="24" branch="false"/>
								<line number="164" hits="24" branch="false"/>
							</lines>
						</method>
						<method name="access$400" signature="(Lcom/google/gcloud/ExceptionHandler$RetryInfo;)Ljava/lang/Class;" line-rate="1.0" branch-rate="1.0">
							<lines>
							</lines>
						</method>
						<method name="access$500" signature="(Lcom/google/gcloud/ExceptionHandler$RetryInfo;)Ljava/util/Set;" line-rate="1.0" branch-rate="1.0">
							<lines>
							</lines>
						</method>
						<method name="access$600" signature="(Lcom/google/gcloud/ExceptionHandler$RetryInfo;)Lcom/google/gcloud/ExceptionHandler$Interceptor$RetryResult;" line-rate="1.0" branch-rate="1.0">
							<lines>
								<line number="154" hits="702" branch="false"/>
							</lines>
						</method>
						<method name="equals" signature="(Ljava/lang/Object;)Z" line-rate="0.0" branch-rate="0.0">
							<lines>
								<line number="173" hits="0" branch="true" condition-coverage="0% (0/2)">
									<conditions>
										<condition number="0" type="jump" coverage="0%"/>
									</conditions>
								</line>
								<line number="174" hits="0" branch="false"/>
								<line number="176" hits="0" branch="true" condition-coverage="0% (0/2)">
									<conditions>
										<condition number="0" type="jump" coverage="0%"/>
									</conditions>
								</line>
								<line number="177" hits="0" branch="false"/>
								<line number="180" hits="0" branch="false"/>
							</lines>
						</method>
						<method name="hashCode" signature="()I" line-rate="1.0" branch-rate="1.0">
							<lines>
								<line number="168" hits="28" branch="false"/>
							</lines>
						</method>
					</methods>
					<lines>
						<line number="154" hits="702" branch="false"/>
						<line number="159" hits="24" branch="false"/>
						<line number="161" hits="24" branch="false"/>
						<line number="162" hits="24" branch="false"/>
						<line number="163" hits="24" branch="false"/>
						<line number="164" hits="24" branch="false"/>
						<line number="168" hits="28" branch="false"/>
						<line number="173" hits="0" branch="true" condition-coverage="0% (0/2)">
							<conditions>
								<condition number="0" type="jump" coverage="0%"/>
							</conditions>
						</line>
						<line number="174" hits="0" branch="false"/>
						<line number="176" hits="0" branch="true" condition-coverage="0% (0/2)">
							<conditions>
								<condition number="0" type="jump" coverage="0%"/>
							</conditions>
						</line>
						<line number="177" hits="0" branch="false"/>
						<line number="180" hits="0" branch="false"/>
					</lines>
				</class>
				<class name="com.google.gcloud.RetryHelper" filename="com/google/gcloud/RetryHelper.java" line-rate="0.85" branch-rate="0.7777777777777778" complexity="1.8181818181818181">
					<methods>
						<method name="&lt;clinit&gt;" signature="()V" line-rate="1.0" branch-rate="1.0">
							<lines>
								<line number="46" hits="1" branch="false"/>
								<line number="55" hits="1" branch="false"/>
							</lines>
						</method>
						<method name="&lt;init&gt;" signature="(Ljava/util/concurrent/Callable;Lcom/google/gcloud/RetryParams;Lcom/google/gcloud/ExceptionHandler;Lcom/google/common/base/Stopwatch;)V" line-rate="1.0" branch-rate="1.0">
							<lines>
								<line number="156" hits="121" branch="false"/>
								<line number="157" hits="121" branch="false"/>
								<line number="158" hits="121" branch="false"/>
								<line number="159" hits="121" branch="false"/>
								<line number="160" hits="121" branch="false"/>
								<line number="161" hits="121" branch="false"/>
								<line number="162" hits="121" branch="false"/>
							</lines>
						</method>
						<method name="access$000" signature="(Lcom/google/gcloud/RetryHelper;)Lcom/google/gcloud/RetryParams;" line-rate="1.0" branch-rate="1.0">
							<lines>
							</lines>
						</method>
						<method name="access$100" signature="(Lcom/google/gcloud/RetryHelper;)I" line-rate="1.0" branch-rate="1.0">
							<lines>
								<line number="44" hits="34" branch="false"/>
							</lines>
						</method>
						<method name="doRetry" signature="()Ljava/lang/Object;" line-rate="0.64" branch-rate="0.75">
							<lines>
								<line number="176" hits="121" branch="false"/>
								<line number="178" hits="152" branch="false"/>
								<line number="181" hits="152" branch="false"/>
								<line number="182" hits="112" branch="true" condition-coverage="75% (3/4)">
									<conditions>
										<condition number="0" type="jump" coverage="100%"/>
										<condition number="1" type="jump" coverage="50%"/>
									</conditions>
								</line>
								<line number="183" hits="0" branch="false"/>
								<line number="185" hits="112" branch="false"/>
								<line number="186" hits="0" branch="false"/>
								<line number="187" hits="0" branch="true" condition-coverage="0% (0/2)">
									<conditions>
										<condition number="0" type="jump" coverage="0%"/>
									</conditions>
								</line>
								<line number="188" hits="0" branch="false"/>
								<line number="190" hits="0" branch="false"/>
								<line number="191" hits="40" branch="false"/>
								<line number="192" hits="40" branch="true" condition-coverage="100% (2/2)">
									<conditions>
										<condition number="0" type="jump" coverage="100%"/>
									</conditions>
								</line>
								<line number="193" hits="7" branch="false"/>
								<line number="195" hits="33" branch="false"/>
								<line number="196" hits="0" branch="false"/>
								<line number="197" hits="33" branch="true" condition-coverage="100% (6/6)">
									<conditions>
										<condition number="0" type="jump" coverage="100%"/>
										<condition number="1" type="jump" coverage="100%"/>
										<condition number="2" type="jump" coverage="100%"/>
									</conditions>
								</line>
								<line number="200" hits="2" branch="false"/>
								<line number="202" hits="31" branch="false"/>
								<line number="203" hits="31" branch="true" condition-coverage="50% (1/2)">
									<conditions>
										<condition number="0" type="jump" coverage="50%"/>
									</conditions>
								</line>
								<line number="204" hits="0" branch="false"/>
								<line number="208" hits="31" branch="false"/>
								<line number="209" hits="0" branch="false"/>
								<line number="211" hits="0" branch="false"/>
								<line number="212" hits="31" branch="false"/>
								<line number="213" hits="31" branch="false"/>
							</lines>
						</method>
						<method name="getContext" signature="()Lcom/google/gcloud/RetryHelper$Context;" line-rate="1.0" branch-rate="1.0">
							<lines>
								<line number="151" hits="160" branch="false"/>
							</lines>
						</method>
						<method name="getExponentialValue" signature="(JDJI)J" line-rate="1.0" branch-rate="1.0">
							<lines>
								<line number="227" hits="43" branch="false"/>
							</lines>
						</method>
						<method name="getSleepDuration" signature="(Lcom/google/gcloud/RetryParams;I)J" line-rate="1.0" branch-rate="1.0">
							<lines>
								<line number="218" hits="43" branch="false"/>
								<line number="219" hits="43" branch="false"/>
								<line number="220" hits="43" branch="false"/>
								<line number="221" hits="43" branch="false"/>
								<line number="222" hits="43" branch="false"/>
							</lines>
						</method>
						<method name="runWithRetries" signature="(Ljava/util/concurrent/Callable;)Ljava/lang/Object;" line-rate="1.0" branch-rate="1.0">
							<lines>
								<line number="231" hits="4" branch="false"/>
							</lines>
						</method>
						<method name="runWithRetries" signature="(Ljava/util/concurrent/Callable;Lcom/google/gcloud/RetryParams;Lcom/google/gcloud/ExceptionHandler;)Ljava/lang/Object;" line-rate="1.0" branch-rate="1.0">
							<lines>
								<line number="237" hits="120" branch="false"/>
							</lines>
						</method>
						<method name="runWithRetries" signature="(Ljava/util/concurrent/Callable;Lcom/google/gcloud/RetryParams;Lcom/google/gcloud/ExceptionHandler;Lcom/google/common/base/Stopwatch;)Ljava/lang/Object;" line-rate="1.0" branch-rate="1.0">
							<lines>
								<line number="243" hits="121" branch="false"/>
								<line number="244" hits="121" branch="false"/>
								<line number="245" hits="121" branch="false"/>
								<line number="247" hits="121" branch="false"/>
								<line number="249" hits="112" branch="false"/>
							</lines>
						</method>
						<method name="setContext" signature="(Lcom/google/gcloud/RetryHelper$Context;)V" line-rate="1.0" branch-rate="1.0">
							<lines>
								<line number="143" hits="242" branch="true" condition-coverage="100% (2/2)">
									<conditions>
										<condition number="0" type="jump" coverage="100%"/>
									</conditions>
								</line>
								<line number="144" hits="118" branch="false"/>
								<line number="146" hits="124" branch="false"/>
								<line number="148" hits="242" branch="false"/>
							</lines>
						</method>
						<method name="toString" signature="()Ljava/lang/String;" line-rate="1.0" branch-rate="1.0">
							<lines>
								<line number="166" hits="2" branch="false"/>
								<line number="167" hits="2" branch="false"/>
								<line number="168" hits="2" branch="false"/>
								<line number="169" hits="2" branch="false"/>
								<line number="170" hits="2" branch="false"/>
								<line number="171" hits="2" branch="false"/>
								<line number="172" hits="2" branch="false"/>
							</lines>
						</method>
					</methods>
					<lines>
						<line number="44" hits="34" branch="false"/>
						<line number="46" hits="1" branch="false"/>
						<line number="55" hits="1" branch="false"/>
						<line number="143" hits="242" branch="true" condition-coverage="100% (2/2)">
							<conditions>
								<condition number="0" type="jump" coverage="100%"/>
							</conditions>
						</line>
						<line number="144" hits="118" branch="false"/>
						<line number="146" hits="124" branch="false"/>
						<line number="148" hits="242" branch="false"/>
						<line number="151" hits="160" branch="false"/>
						<line number="156" hits="121" branch="false"/>
						<line number="157" hits="121" branch="false"/>
						<line number="158" hits="121" branch="false"/>
						<line number="159" hits="121" branch="false"/>
						<line number="160" hits="121" branch="false"/>
						<line number="161" hits="121" branch="false"/>
						<line number="162" hits="121" branch="false"/>
						<line number="166" hits="2" branch="false"/>
						<line number="167" hits="2" branch="false"/>
						<line number="168" hits="2" branch="false"/>
						<line number="169" hits="2" branch="false"/>
						<line number="170" hits="2" branch="false"/>
						<line number="171" hits="2" branch="false"/>
						<line number="172" hits="2" branch="false"/>
						<line number="176" hits="121" branch="false"/>
						<line number="178" hits="152" branch="false"/>
						<line number="181" hits="152" branch="false"/>
						<line number="182" hits="112" branch="true" condition-coverage="75% (3/4)">
							<conditions>
								<condition number="0" type="jump" coverage="100%"/>
								<condition number="1" type="jump" coverage="50%"/>
							</conditions>
						</line>
						<line number="183" hits="0" branch="false"/>
						<line number="185" hits="112" branch="false"/>
						<line number="186" hits="0" branch="false"/>
						<line number="187" hits="0" branch="true" condition-coverage="0% (0/2)">
							<conditions>
								<condition number="0" type="jump" coverage="0%"/>
							</conditions>
						</line>
						<line number="188" hits="0" branch="false"/>
						<line number="190" hits="0" branch="false"/>
						<line number="191" hits="40" branch="false"/>
						<line number="192" hits="40" branch="true" condition-coverage="100% (2/2)">
							<conditions>
								<condition number="0" type="jump" coverage="100%"/>
							</conditions>
						</line>
						<line number="193" hits="7" branch="false"/>
						<line number="195" hits="33" branch="false"/>
						<line number="196" hits="0" branch="false"/>
						<line number="197" hits="33" branch="true" condition-coverage="100% (6/6)">
							<conditions>
								<condition number="0" type="jump" coverage="100%"/>
								<condition number="1" type="jump" coverage="100%"/>
								<condition number="2" type="jump" coverage="100%"/>
							</conditions>
						</line>
						<line number="200" hits="2" branch="false"/>
						<line number="202" hits="31" branch="false"/>
						<line number="203" hits="31" branch="true" condition-coverage="50% (1/2)">
							<conditions>
								<condition number="0" type="jump" coverage="50%"/>
							</conditions>
						</line>
						<line number="204" hits="0" branch="false"/>
						<line number="208" hits="31" branch="false"/>
						<line number="209" hits="0" branch="false"/>
						<line number="211" hits="0" branch="false"/>
						<line number="212" hits="31" branch="false"/>
						<line number="213" hits="31" branch="false"/>
						<line number="218" hits="43" branch="false"/>
						<line number="219" hits="43" branch="false"/>
						<line number="220" hits="43" branch="false"/>
						<line number="221" hits="43" branch="false"/>
						<line number="222" hits="43" branch="false"/>
						<line number="227" hits="43" branch="false"/>
						<line number="231" hits="4" branch="false"/>
						<line number="237" hits="120" branch="false"/>
						<line number="243" hits="121" branch="false"/>
						<line number="244" hits="121" branch="false"/>
						<line number="245" hits="121" branch="false"/>
						<line number="247" hits="121" branch="false"/>
						<line number="249" hits="112" branch="false"/>
					</lines>
				</class>
				<class name="com.google.gcloud.RetryHelper$Context" filename="com/google/gcloud/RetryHelper.java" line-rate="1.0" branch-rate="1.0" complexity="1.8181818181818181">
					<methods>
						<method name="getAttemptNumber" signature="()I" line-rate="1.0" branch-rate="1.0">
							<lines>
								<line number="137" hits="26" branch="false"/>
							</lines>
						</method>
						<method name="getRetryParams" signature="()Lcom/google/gcloud/RetryParams;" line-rate="1.0" branch-rate="1.0">
							<lines>
								<line number="133" hits="8" branch="false"/>
							</lines>
						</method>
					</methods>
					<lines>
						<line number="133" hits="8" branch="false"/>
						<line number="137" hits="26" branch="false"/>
					</lines>
				</class>
				<class name="com.google.gcloud.RetryHelper$NonRetriableException" filename="com/google/gcloud/RetryHelper.java" line-rate="1.0" branch-rate="1.0" complexity="1.8181818181818181">
					<methods>
					</methods>
					<lines>
					</lines>
				</class>
				<class name="com.google.gcloud.RetryHelper$RetriesExhaustedException" filename="com/google/gcloud/RetryHelper.java" line-rate="1.0" branch-rate="1.0" complexity="1.8181818181818181">
					<methods>
					</methods>
					<lines>
					</lines>
				</class>
				<class name="com.google.gcloud.RetryHelper$RetryHelperException" filename="com/google/gcloud/RetryHelper.java" line-rate="1.0" branch-rate="1.0" complexity="1.8181818181818181">
					<methods>
					</methods>
					<lines>
					</lines>
				</class>
				<class name="com.google.gcloud.RetryHelper$RetryInterruptedException" filename="com/google/gcloud/RetryHelper.java" line-rate="0.0" branch-rate="1.0" complexity="1.8181818181818181">
					<methods>
						<method name="propagate" signature="()V" line-rate="0.0" branch-rate="1.0">
							<lines>
								<line number="90" hits="0" branch="false"/>
								<line number="91" hits="0" branch="false"/>
							</lines>
						</method>
					</methods>
					<lines>
						<line number="90" hits="0" branch="false"/>
						<line number="91" hits="0" branch="false"/>
					</lines>
				</class>
				<class name="com.google.gcloud.RetryParams" filename="com/google/gcloud/RetryParams.java" line-rate="0.8" branch-rate="0.42857142857142855" complexity="1.4545454545454546">
					<methods>
						<method name="&lt;clinit&gt;" signature="()V" line-rate="1.0" branch-rate="1.0">
							<lines>
								<line number="65" hits="1" branch="false"/>
								<line number="66" hits="1" branch="false"/>
							</lines>
						</method>
						<method name="&lt;init&gt;" signature="(Lcom/google/gcloud/RetryParams$Builder;)V" line-rate="1.0" branch-rate="1.0">
							<lines>
								<line number="185" hits="18" branch="false"/>
								<line number="186" hits="18" branch="false"/>
								<line number="187" hits="18" branch="false"/>
								<line number="188" hits="18" branch="false"/>
								<line number="189" hits="18" branch="false"/>
								<line number="190" hits="18" branch="false"/>
								<line number="191" hits="18" branch="false"/>
								<line number="192" hits="18" branch="true" condition-coverage="100% (2/2)">
									<conditions>
										<condition number="0" type="jump" coverage="100%"/>
									</conditions>
								</line>
								<line number="193" hits="17" branch="true" condition-coverage="100% (2/2)">
									<conditions>
										<condition number="0" type="jump" coverage="100%"/>
									</conditions>
								</line>
								<line number="195" hits="16" branch="true" condition-coverage="100% (2/2)">
									<conditions>
										<condition number="0" type="jump" coverage="100%"/>
									</conditions>
								</line>
								<line number="196" hits="15" branch="true" condition-coverage="100% (2/2)">
									<conditions>
										<condition number="0" type="jump" coverage="100%"/>
									</conditions>
								</line>
								<line number="198" hits="14" branch="true" condition-coverage="100% (2/2)">
									<conditions>
										<condition number="0" type="jump" coverage="100%"/>
									</conditions>
								</line>
								<line number="199" hits="13" branch="true" condition-coverage="100% (2/2)">
									<conditions>
										<condition number="0" type="jump" coverage="100%"/>
									</conditions>
								</line>
								<line number="200" hits="12" branch="false"/>
							</lines>
						</method>
						<method name="&lt;init&gt;" signature="(Lcom/google/gcloud/RetryParams$Builder;Lcom/google/gcloud/RetryParams$1;)V" line-rate="1.0" branch-rate="1.0">
							<lines>
								<line number="47" hits="17" branch="false"/>
							</lines>
						</method>
						<method name="builder" signature="()Lcom/google/gcloud/RetryParams$Builder;" line-rate="1.0" branch-rate="1.0">
							<lines>
								<line number="290" hits="16" branch="false"/>
							</lines>
						</method>
						<method name="equals" signature="(Ljava/lang/Object;)Z" line-rate="0.0" branch-rate="0.0">
							<lines>
								<line number="263" hits="0" branch="true" condition-coverage="0% (0/2)">
									<conditions>
										<condition number="0" type="jump" coverage="0%"/>
									</conditions>
								</line>
								<line number="264" hits="0" branch="false"/>
								<line number="266" hits="0" branch="true" condition-coverage="0% (0/2)">
									<conditions>
										<condition number="0" type="jump" coverage="0%"/>
									</conditions>
								</line>
								<line number="267" hits="0" branch="false"/>
								<line number="269" hits="0" branch="false"/>
								<line number="270" hits="0" branch="true" condition-coverage="0% (0/12)">
									<conditions>
										<condition number="0" type="jump" coverage="0%"/>
										<condition number="1" type="jump" coverage="0%"/>
										<condition number="2" type="jump" coverage="0%"/>
										<condition number="3" type="jump" coverage="0%"/>
										<condition number="4" type="jump" coverage="0%"/>
										<condition number="5" type="jump" coverage="0%"/>
									</conditions>
								</line>
							</lines>
						</method>
						<method name="getDefaultInstance" signature="()Lcom/google/gcloud/RetryParams;" line-rate="1.0" branch-rate="1.0">
							<lines>
								<line number="206" hits="9" branch="false"/>
							</lines>
						</method>
						<method name="hashCode" signature="()I" line-rate="0.0" branch-rate="1.0">
							<lines>
								<line number="257" hits="0" branch="false"/>
							</lines>
						</method>
						<method name="noRetries" signature="()Lcom/google/gcloud/RetryParams;" line-rate="1.0" branch-rate="1.0">
							<lines>
								<line number="210" hits="23" branch="false"/>
							</lines>
						</method>
						<method name="toString" signature="()Ljava/lang/String;" line-rate="1.0" branch-rate="1.0">
							<lines>
								<line number="279" hits="2" branch="false"/>
								<line number="280" hits="2" branch="false"/>
								<line number="281" hits="2" branch="false"/>
								<line number="282" hits="2" branch="false"/>
								<line number="283" hits="2" branch="false"/>
								<line number="284" hits="2" branch="false"/>
								<line number="285" hits="2" branch="false"/>
								<line number="286" hits="2" branch="false"/>
							</lines>
						</method>
					</methods>
					<lines>
						<line number="47" hits="17" branch="false"/>
						<line number="65" hits="1" branch="false"/>
						<line number="66" hits="1" branch="false"/>
						<line number="185" hits="18" branch="false"/>
						<line number="186" hits="18" branch="false"/>
						<line number="187" hits="18" branch="false"/>
						<line number="188" hits="18" branch="false"/>
						<line number="189" hits="18" branch="false"/>
						<line number="190" hits="18" branch="false"/>
						<line number="191" hits="18" branch="false"/>
						<line number="192" hits="18" branch="true" condition-coverage="100% (2/2)">
							<conditions>
								<condition number="0" type="jump" coverage="100%"/>
							</conditions>
						</line>
						<line number="193" hits="17" branch="true" condition-coverage="100% (2/2)">
							<conditions>
								<condition number="0" type="jump" coverage="100%"/>
							</conditions>
						</line>
						<line number="195" hits="16" branch="true" condition-coverage="100% (2/2)">
							<conditions>
								<condition number="0" type="jump" coverage="100%"/>
							</conditions>
						</line>
						<line number="196" hits="15" branch="true" condition-coverage="100% (2/2)">
							<conditions>
								<condition number="0" type="jump" coverage="100%"/>
							</conditions>
						</line>
						<line number="198" hits="14" branch="true" condition-coverage="100% (2/2)">
							<conditions>
								<condition number="0" type="jump" coverage="100%"/>
							</conditions>
						</line>
						<line number="199" hits="13" branch="true" condition-coverage="100% (2/2)">
							<conditions>
								<condition number="0" type="jump" coverage="100%"/>
							</conditions>
						</line>
						<line number="200" hits="12" branch="false"/>
						<line number="206" hits="9" branch="false"/>
						<line number="210" hits="23" branch="false"/>
						<line number="257" hits="0" branch="false"/>
						<line number="263" hits="0" branch="true" condition-coverage="0% (0/2)">
							<conditions>
								<condition number="0" type="jump" coverage="0%"/>
							</conditions>
						</line>
						<line number="264" hits="0" branch="false"/>
						<line number="266" hits="0" branch="true" condition-coverage="0% (0/2)">
							<conditions>
								<condition number="0" type="jump" coverage="0%"/>
							</conditions>
						</line>
						<line number="267" hits="0" branch="false"/>
						<line number="269" hits="0" branch="false"/>
						<line number="270" hits="0" branch="true" condition-coverage="0% (0/12)">
							<conditions>
								<condition number="0" type="jump" coverage="0%"/>
								<condition number="1" type="jump" coverage="0%"/>
								<condition number="2" type="jump" coverage="0%"/>
								<condition number="3" type="jump" coverage="0%"/>
								<condition number="4" type="jump" coverage="0%"/>
								<condition number="5" type="jump" coverage="0%"/>
							</conditions>
						</line>
						<line number="279" hits="2" branch="false"/>
						<line number="280" hits="2" branch="false"/>
						<line number="281" hits="2" branch="false"/>
						<line number="282" hits="2" branch="false"/>
						<line number="283" hits="2" branch="false"/>
						<line number="284" hits="2" branch="false"/>
						<line number="285" hits="2" branch="false"/>
						<line number="286" hits="2" branch="false"/>
						<line number="290" hits="16" branch="false"/>
					</lines>
				</class>
				<class name="com.google.gcloud.RetryParams$1" filename="com/google/gcloud/RetryParams.java" line-rate="1.0" branch-rate="1.0" complexity="1.4545454545454546">
					<methods>
					</methods>
					<lines>
					</lines>
				</class>
				<class name="com.google.gcloud.RetryParams$Builder" filename="com/google/gcloud/RetryParams.java" line-rate="1.0" branch-rate="1.0" complexity="1.4545454545454546">
					<methods>
						<method name="&lt;init&gt;" signature="()V" line-rate="1.0" branch-rate="1.0">
							<lines>
								<line number="83" hits="17" branch="false"/>
								<line number="84" hits="17" branch="false"/>
							</lines>
						</method>
						<method name="&lt;init&gt;" signature="(Lcom/google/gcloud/RetryParams$1;)V" line-rate="1.0" branch-rate="1.0">
							<lines>
							</lines>
						</method>
						<method name="&lt;init&gt;" signature="(Lcom/google/gcloud/RetryParams;)V" line-rate="1.0" branch-rate="1.0">
							<lines>
								<line number="86" hits="18" branch="false"/>
								<line number="87" hits="18" branch="true" condition-coverage="100% (2/2)">
									<conditions>
										<condition number="0" type="jump" coverage="100%"/>
									</conditions>
								</line>
								<line number="88" hits="17" branch="false"/>
								<line number="89" hits="17" branch="false"/>
								<line number="90" hits="17" branch="false"/>
								<line number="91" hits="17" branch="false"/>
								<line number="92" hits="17" branch="false"/>
								<line number="93" hits="17" branch="false"/>
								<line number="95" hits="1" branch="false"/>
								<line number="96" hits="1" branch="false"/>
								<line number="97" hits="1" branch="false"/>
								<line number="98" hits="1" branch="false"/>
								<line number="99" hits="1" branch="false"/>
								<line number="100" hits="1" branch="false"/>
								<line number="102" hits="18" branch="false"/>
							</lines>
						</method>
						<method name="access$200" signature="(Lcom/google/gcloud/RetryParams$Builder;)I" line-rate="1.0" branch-rate="1.0">
							<lines>
							</lines>
						</method>
						<method name="access$300" signature="(Lcom/google/gcloud/RetryParams$Builder;)I" line-rate="1.0" branch-rate="1.0">
							<lines>
							</lines>
						</method>
						<method name="access$400" signature="(Lcom/google/gcloud/RetryParams$Builder;)J" line-rate="1.0" branch-rate="1.0">
							<lines>
							</lines>
						</method>
						<method name="access$500" signature="(Lcom/google/gcloud/RetryParams$Builder;)J" line-rate="1.0" branch-rate="1.0">
							<lines>
							</lines>
						</method>
						<method name="access$600" signature="(Lcom/google/gcloud/RetryParams$Builder;)D" line-rate="1.0" branch-rate="1.0">
							<lines>
							</lines>
						</method>
						<method name="access$700" signature="(Lcom/google/gcloud/RetryParams$Builder;)J" line-rate="1.0" branch-rate="1.0">
							<lines>
								<line number="73" hits="125" branch="false"/>
							</lines>
						</method>
						<method name="build" signature="()Lcom/google/gcloud/RetryParams;" line-rate="1.0" branch-rate="1.0">
							<lines>
								<line number="176" hits="17" branch="false"/>
							</lines>
						</method>
						<method name="initialRetryDelayMillis" signature="(J)Lcom/google/gcloud/RetryParams$Builder;" line-rate="1.0" branch-rate="1.0">
							<lines>
								<line number="133" hits="8" branch="false"/>
								<line number="134" hits="8" branch="false"/>
							</lines>
						</method>
						<method name="maxRetryDelayMillis" signature="(J)Lcom/google/gcloud/RetryParams$Builder;" line-rate="1.0" branch-rate="1.0">
							<lines>
								<line number="144" hits="4" branch="false"/>
								<line number="145" hits="4" branch="false"/>
							</lines>
						</method>
						<method name="retryDelayBackoffFactor" signature="(D)Lcom/google/gcloud/RetryParams$Builder;" line-rate="1.0" branch-rate="1.0">
							<lines>
								<line number="155" hits="3" branch="false"/>
								<line number="156" hits="3" branch="false"/>
							</lines>
						</method>
						<method name="retryMaxAttempts" signature="(I)Lcom/google/gcloud/RetryParams$Builder;" line-rate="1.0" branch-rate="1.0">
							<lines>
								<line number="122" hits="10" branch="false"/>
								<line number="123" hits="10" branch="false"/>
							</lines>
						</method>
						<method name="retryMinAttempts" signature="(I)Lcom/google/gcloud/RetryParams$Builder;" line-rate="1.0" branch-rate="1.0">
							<lines>
								<line number="111" hits="7" branch="false"/>
								<line number="112" hits="7" branch="false"/>
							</lines>
						</method>
						<method name="totalRetryPeriodMillis" signature="(J)Lcom/google/gcloud/RetryParams$Builder;" line-rate="1.0" branch-rate="1.0">
							<lines>
								<line number="166" hits="6" branch="false"/>
								<line number="167" hits="6" branch="false"/>
							</lines>
						</method>
					</methods>
					<lines>
						<line number="73" hits="125" branch="false"/>
						<line number="83" hits="17" branch="false"/>
						<line number="84" hits="17" branch="false"/>
						<line number="86" hits="18" branch="false"/>
						<line number="87" hits="18" branch="true" condition-coverage="100% (2/2)">
							<conditions>
								<condition number="0" type="jump" coverage="100%"/>
							</conditions>
						</line>
						<line number="88" hits="17" branch="false"/>
						<line number="89" hits="17" branch="false"/>
						<line number="90" hits="17" branch="false"/>
						<line number="91" hits="17" branch="false"/>
						<line number="92" hits="17" branch="false"/>
						<line number="93" hits="17" branch="false"/>
						<line number="95" hits="1" branch="false"/>
						<line number="96" hits="1" branch="false"/>
						<line number="97" hits="1" branch="false"/>
						<line number="98" hits="1" branch="false"/>
						<line number="99" hits="1" branch="false"/>
						<line number="100" hits="1" branch="false"/>
						<line number="102" hits="18" branch="false"/>
						<line number="111" hits="7" branch="false"/>
						<line number="112" hits="7" branch="false"/>
						<line number="122" hits="10" branch="false"/>
						<line number="123" hits="10" branch="false"/>
						<line number="133" hits="8" branch="false"/>
						<line number="134" hits="8" branch="false"/>
						<line number="144" hits="4" branch="false"/>
						<line number="145" hits="4" branch="false"/>
						<line number="155" hits="3" branch="false"/>
						<line number="156" hits="3" branch="false"/>
						<line number="166" hits="6" branch="false"/>
						<line number="167" hits="6" branch="false"/>
						<line number="176" hits="17" branch="false"/>
					</lines>
				</class>
				<class name="com.google.gcloud.Service" filename="com/google/gcloud/Service.java" line-rate="1.0" branch-rate="1.0" complexity="1.0">
					<methods>
					</methods>
					<lines>
					</lines>
				</class>
				<class name="com.google.gcloud.ServiceOptions" filename="com/google/gcloud/ServiceOptions.java" line-rate="0.6190476190476191" branch-rate="0.16666666666666666" complexity="1.6666666666666667">
					<methods>
						<method name="&lt;init&gt;" signature="(Lcom/google/gcloud/ServiceOptions$Builder;)V" line-rate="1.0" branch-rate="1.0">
							<lines>
								<line number="89" hits="52" branch="false"/>
								<line number="90" hits="52" branch="false"/>
								<line number="91" hits="52" branch="false"/>
								<line number="92" hits="52" branch="false"/>
								<line number="93" hits="52" branch="false"/>
								<line number="94" hits="52" branch="false"/>
							</lines>
						</method>
						<method name="access$000" signature="(Lcom/google/gcloud/ServiceOptions;)Ljava/lang/String;" line-rate="1.0" branch-rate="1.0">
							<lines>
							</lines>
						</method>
						<method name="access$100" signature="(Lcom/google/gcloud/ServiceOptions;)Lcom/google/api/client/http/HttpTransport;" line-rate="1.0" branch-rate="1.0">
							<lines>
							</lines>
						</method>
						<method name="access$200" signature="(Lcom/google/gcloud/ServiceOptions;)Lcom/google/gcloud/AuthConfig;" line-rate="1.0" branch-rate="1.0">
							<lines>
							</lines>
						</method>
						<method name="access$300" signature="(Lcom/google/gcloud/ServiceOptions;)Lcom/google/gcloud/RetryParams;" line-rate="1.0" branch-rate="1.0">
							<lines>
								<line number="36" hits="80" branch="false"/>
							</lines>
						</method>
						<method name="appEngineAppId" signature="()Ljava/lang/String;" line-rate="1.0" branch-rate="1.0">
							<lines>
								<line number="133" hits="156" branch="false"/>
							</lines>
						</method>
						<method name="authConfig" signature="()Lcom/google/gcloud/AuthConfig;" line-rate="1.0" branch-rate="1.0">
							<lines>
								<line number="180" hits="2" branch="false"/>
							</lines>
						</method>
						<method name="defaultAuthConfig" signature="()Lcom/google/gcloud/AuthConfig;" line-rate="0.6666666666666666" branch-rate="0.5">
							<lines>
								<line number="116" hits="52" branch="true" condition-coverage="50% (1/2)">
									<conditions>
										<condition number="0" type="jump" coverage="50%"/>
									</conditions>
								</line>
								<line number="118" hits="0" branch="false"/>
								<line number="119" hits="0" branch="false"/>
								<line number="125" hits="52" branch="false"/>
								<line number="126" hits="52" branch="false"/>
								<line number="129" hits="52" branch="false"/>
							</lines>
						</method>
						<method name="defaultHttpTransport" signature="()Lcom/google/api/client/http/HttpTransport;" line-rate="0.6666666666666666" branch-rate="0.5">
							<lines>
								<line number="98" hits="52" branch="true" condition-coverage="50% (1/2)">
									<conditions>
										<condition number="0" type="jump" coverage="50%"/>
									</conditions>
								</line>
								<line number="100" hits="0" branch="false"/>
								<line number="101" hits="0" branch="false"/>
								<line number="107" hits="52" branch="false"/>
								<line number="108" hits="52" branch="false"/>
								<line number="111" hits="52" branch="false"/>
							</lines>
						</method>
						<method name="getAppEngineProjectId" signature="()Ljava/lang/String;" line-rate="0.0" branch-rate="1.0">
							<lines>
								<line number="155" hits="0" branch="false"/>
								<line number="157" hits="0" branch="false"/>
								<line number="158" hits="0" branch="false"/>
								<line number="159" hits="0" branch="false"/>
								<line number="160" hits="0" branch="false"/>
								<line number="161" hits="0" branch="false"/>
								<line number="162" hits="0" branch="false"/>
								<line number="163" hits="0" branch="false"/>
								<line number="165" hits="0" branch="false"/>
							</lines>
						</method>
						<method name="googleCloudProjectId" signature="()Ljava/lang/String;" line-rate="0.75" branch-rate="0.0">
							<lines>
								<line number="138" hits="52" branch="false"/>
								<line number="139" hits="52" branch="false"/>
								<line number="140" hits="52" branch="false"/>
								<line number="141" hits="52" branch="false"/>
								<line number="143" hits="0" branch="false"/>
								<line number="144" hits="0" branch="true" condition-coverage="0% (0/8)">
									<conditions>
										<condition number="0" type="jump" coverage="0%"/>
										<condition number="1" type="jump" coverage="0%"/>
										<condition number="2" type="jump" coverage="0%"/>
										<condition number="3" type="jump" coverage="0%"/>
									</conditions>
								</line>
								<line number="145" hits="52" branch="false"/>
								<line number="147" hits="52" branch="false"/>
							</lines>
						</method>
						<method name="host" signature="()Ljava/lang/String;" line-rate="1.0" branch-rate="1.0">
							<lines>
								<line number="172" hits="55" branch="false"/>
							</lines>
						</method>
						<method name="httpRequestInitializer" signature="()Lcom/google/api/client/http/HttpRequestInitializer;" line-rate="0.0" branch-rate="1.0">
							<lines>
								<line number="188" hits="0" branch="false"/>
							</lines>
						</method>
						<method name="httpTransport" signature="()Lcom/google/api/client/http/HttpTransport;" line-rate="1.0" branch-rate="1.0">
							<lines>
								<line number="176" hits="52" branch="false"/>
							</lines>
						</method>
						<method name="retryParams" signature="()Lcom/google/gcloud/RetryParams;" line-rate="1.0" branch-rate="1.0">
							<lines>
								<line number="184" hits="25" branch="false"/>
							</lines>
						</method>
					</methods>
					<lines>
						<line number="36" hits="80" branch="false"/>
						<line number="89" hits="52" branch="false"/>
						<line number="90" hits="52" branch="false"/>
						<line number="91" hits="52" branch="false"/>
						<line number="92" hits="52" branch="false"/>
						<line number="93" hits="52" branch="false"/>
						<line number="94" hits="52" branch="false"/>
						<line number="98" hits="52" branch="true" condition-coverage="50% (1/2)">
							<conditions>
								<condition number="0" type="jump" coverage="50%"/>
							</conditions>
						</line>
						<line number="100" hits="0" branch="false"/>
						<line number="101" hits="0" branch="false"/>
						<line number="107" hits="52" branch="false"/>
						<line number="108" hits="52" branch="false"/>
						<line number="111" hits="52" branch="false"/>
						<line number="116" hits="52" branch="true" condition-coverage="50% (1/2)">
							<conditions>
								<condition number="0" type="jump" coverage="50%"/>
							</conditions>
						</line>
						<line number="118" hits="0" branch="false"/>
						<line number="119" hits="0" branch="false"/>
						<line number="125" hits="52" branch="false"/>
						<line number="126" hits="52" branch="false"/>
						<line number="129" hits="52" branch="false"/>
						<line number="133" hits="156" branch="false"/>
						<line number="138" hits="52" branch="false"/>
						<line number="139" hits="52" branch="false"/>
						<line number="140" hits="52" branch="false"/>
						<line number="141" hits="52" branch="false"/>
						<line number="143" hits="0" branch="false"/>
						<line number="144" hits="0" branch="true" condition-coverage="0% (0/8)">
							<conditions>
								<condition number="0" type="jump" coverage="0%"/>
								<condition number="1" type="jump" coverage="0%"/>
								<condition number="2" type="jump" coverage="0%"/>
								<condition number="3" type="jump" coverage="0%"/>
							</conditions>
						</line>
						<line number="145" hits="52" branch="false"/>
						<line number="147" hits="52" branch="false"/>
						<line number="155" hits="0" branch="false"/>
						<line number="157" hits="0" branch="false"/>
						<line number="158" hits="0" branch="false"/>
						<line number="159" hits="0" branch="false"/>
						<line number="160" hits="0" branch="false"/>
						<line number="161" hits="0" branch="false"/>
						<line number="162" hits="0" branch="false"/>
						<line number="163" hits="0" branch="false"/>
						<line number="165" hits="0" branch="false"/>
						<line number="172" hits="55" branch="false"/>
						<line number="176" hits="52" branch="false"/>
						<line number="180" hits="2" branch="false"/>
						<line number="184" hits="25" branch="false"/>
						<line number="188" hits="0" branch="false"/>
					</lines>
				</class>
				<class name="com.google.gcloud.ServiceOptions$Builder" filename="com/google/gcloud/ServiceOptions.java" line-rate="0.625" branch-rate="1.0" complexity="1.6666666666666667">
					<methods>
						<method name="&lt;init&gt;" signature="(Lcom/google/gcloud/ServiceOptions;)V" line-rate="1.0" branch-rate="1.0">
							<lines>
								<line number="54" hits="20" branch="false"/>
								<line number="55" hits="20" branch="false"/>
								<line number="56" hits="20" branch="false"/>
								<line number="57" hits="20" branch="false"/>
								<line number="58" hits="20" branch="false"/>
								<line number="59" hits="20" branch="false"/>
							</lines>
						</method>
						<method name="access$400" signature="(Lcom/google/gcloud/ServiceOptions$Builder;)Ljava/lang/String;" line-rate="1.0" branch-rate="1.0">
							<lines>
							</lines>
						</method>
						<method name="access$500" signature="(Lcom/google/gcloud/ServiceOptions$Builder;)Lcom/google/api/client/http/HttpTransport;" line-rate="1.0" branch-rate="1.0">
							<lines>
							</lines>
						</method>
						<method name="access$600" signature="(Lcom/google/gcloud/ServiceOptions$Builder;)Lcom/google/gcloud/AuthConfig;" line-rate="1.0" branch-rate="1.0">
							<lines>
							</lines>
						</method>
						<method name="access$700" signature="(Lcom/google/gcloud/ServiceOptions$Builder;)Lcom/google/gcloud/RetryParams;" line-rate="1.0" branch-rate="1.0">
							<lines>
								<line number="45" hits="208" branch="false"/>
							</lines>
						</method>
						<method name="authConfig" signature="(Lcom/google/gcloud/AuthConfig;)Lcom/google/gcloud/ServiceOptions$Builder;" line-rate="0.0" branch-rate="1.0">
							<lines>
								<line number="79" hits="0" branch="false"/>
								<line number="80" hits="0" branch="false"/>
							</lines>
						</method>
						<method name="host" signature="(Ljava/lang/String;)Lcom/google/gcloud/ServiceOptions$Builder;" line-rate="1.0" branch-rate="1.0">
							<lines>
								<line number="69" hits="25" branch="false"/>
								<line number="70" hits="25" branch="false"/>
							</lines>
						</method>
						<method name="httpTransport" signature="(Lcom/google/api/client/http/HttpTransport;)Lcom/google/gcloud/ServiceOptions$Builder;" line-rate="0.0" branch-rate="1.0">
							<lines>
								<line number="74" hits="0" branch="false"/>
								<line number="75" hits="0" branch="false"/>
							</lines>
						</method>
						<method name="retryParams" signature="(Lcom/google/gcloud/RetryParams;)Lcom/google/gcloud/ServiceOptions$Builder;" line-rate="0.0" branch-rate="1.0">
							<lines>
								<line number="84" hits="0" branch="false"/>
								<line number="85" hits="0" branch="false"/>
							</lines>
						</method>
						<method name="self" signature="()Lcom/google/gcloud/ServiceOptions$Builder;" line-rate="1.0" branch-rate="1.0">
							<lines>
								<line number="65" hits="25" branch="false"/>
							</lines>
						</method>
					</methods>
					<lines>
						<line number="45" hits="208" branch="false"/>
						<line number="54" hits="20" branch="false"/>
						<line number="55" hits="20" branch="false"/>
						<line number="56" hits="20" branch="false"/>
						<line number="57" hits="20" branch="false"/>
						<line number="58" hits="20" branch="false"/>
						<line number="59" hits="20" branch="false"/>
						<line number="65" hits="25" branch="false"/>
						<line number="69" hits="25" branch="false"/>
						<line number="70" hits="25" branch="false"/>
						<line number="74" hits="0" branch="false"/>
						<line number="75" hits="0" branch="false"/>
						<line number="79" hits="0" branch="false"/>
						<line number="80" hits="0" branch="false"/>
						<line number="84" hits="0" branch="false"/>
						<line number="85" hits="0" branch="false"/>
					</lines>
				</class>
			</classes>
		</package>
		<package name="com.google.gcloud.com.google.gcloud.spi" line-rate="0.6527777777777778" branch-rate="0.4" complexity="1.7741935483870968">
			<classes>
				<class name="com.google.gcloud.com.google.gcloud.spi.DatastoreRpc" filename="com/google/gcloud/com/google/gcloud/spi/DatastoreRpc.java" line-rate="1.0" branch-rate="1.0" complexity="1.0">
					<methods>
					</methods>
					<lines>
					</lines>
				</class>
				<class name="com.google.gcloud.com.google.gcloud.spi.DatastoreRpc$DatastoreRpcException" filename="com/google/gcloud/com/google/gcloud/spi/DatastoreRpc.java" line-rate="0.6" branch-rate="1.0" complexity="1.0">
					<methods>
						<method name="&lt;init&gt;" signature="(Lcom/google/gcloud/com/google/gcloud/spi/DatastoreRpc$DatastoreRpcException$Reason;)V" line-rate="1.0" branch-rate="1.0">
							<lines>
								<line number="82" hits="13" branch="false"/>
								<line number="83" hits="13" branch="false"/>
							</lines>
						</method>
						<method name="httpStatus" signature="()I" line-rate="0.0" branch-rate="1.0">
							<lines>
								<line number="97" hits="0" branch="false"/>
							</lines>
						</method>
						<method name="reason" signature="()Ljava/lang/String;" line-rate="1.0" branch-rate="1.0">
							<lines>
								<line number="93" hits="13" branch="false"/>
							</lines>
						</method>
						<method name="retryable" signature="()Z" line-rate="0.0" branch-rate="1.0">
							<lines>
								<line number="101" hits="0" branch="false"/>
							</lines>
						</method>
					</methods>
					<lines>
						<line number="82" hits="13" branch="false"/>
						<line number="83" hits="13" branch="false"/>
						<line number="93" hits="13" branch="false"/>
						<line number="97" hits="0" branch="false"/>
						<line number="101" hits="0" branch="false"/>
					</lines>
				</class>
				<class name="com.google.gcloud.com.google.gcloud.spi.DatastoreRpc$DatastoreRpcException$Reason" filename="com/google/gcloud/com/google/gcloud/spi/DatastoreRpc.java" line-rate="1.0" branch-rate="1.0" complexity="1.0">
					<methods>
						<method name="&lt;clinit&gt;" signature="()V" line-rate="1.0" branch-rate="1.0">
							<lines>
								<line number="43" hits="43" branch="false"/>
								<line number="45" hits="1" branch="false"/>
								<line number="46" hits="1" branch="false"/>
								<line number="47" hits="1" branch="false"/>
								<line number="48" hits="1" branch="false"/>
								<line number="49" hits="1" branch="false"/>
								<line number="50" hits="1" branch="false"/>
								<line number="51" hits="1" branch="false"/>
								<line number="52" hits="1" branch="false"/>
							</lines>
						</method>
						<method name="access$000" signature="(Lcom/google/gcloud/com/google/gcloud/spi/DatastoreRpc$DatastoreRpcException$Reason;)I" line-rate="1.0" branch-rate="1.0">
							<lines>
							</lines>
						</method>
						<method name="access$100" signature="(Lcom/google/gcloud/com/google/gcloud/spi/DatastoreRpc$DatastoreRpcException$Reason;)Z" line-rate="1.0" branch-rate="1.0">
							<lines>
							</lines>
						</method>
						<method name="access$200" signature="(Lcom/google/gcloud/com/google/gcloud/spi/DatastoreRpc$DatastoreRpcException$Reason;)Ljava/lang/String;" line-rate="1.0" branch-rate="1.0">
							<lines>
							</lines>
						</method>
						<method name="description" signature="()Ljava/lang/String;" line-rate="1.0" branch-rate="1.0">
							<lines>
								<line number="69" hits="16" branch="false"/>
							</lines>
						</method>
						<method name="httpStatus" signature="()I" line-rate="1.0" branch-rate="1.0">
							<lines>
								<line number="73" hits="24" branch="false"/>
							</lines>
						</method>
						<method name="retryable" signature="()Z" line-rate="1.0" branch-rate="1.0">
							<lines>
								<line number="65" hits="16" branch="false"/>
							</lines>
						</method>
						<method name="valueOf" signature="(Ljava/lang/String;)Lcom/google/gcloud/com/google/gcloud/spi/DatastoreRpc$DatastoreRpcException$Reason;" line-rate="1.0" branch-rate="1.0">
							<lines>
							</lines>
						</method>
						<method name="values" signature="()[Lcom/google/gcloud/com/google/gcloud/spi/DatastoreRpc$DatastoreRpcException$Reason;" line-rate="1.0" branch-rate="1.0">
							<lines>
							</lines>
						</method>
					</methods>
					<lines>
						<line number="43" hits="43" branch="false"/>
						<line number="45" hits="1" branch="false"/>
						<line number="46" hits="1" branch="false"/>
						<line number="47" hits="1" branch="false"/>
						<line number="48" hits="1" branch="false"/>
						<line number="49" hits="1" branch="false"/>
						<line number="50" hits="1" branch="false"/>
						<line number="51" hits="1" branch="false"/>
						<line number="52" hits="1" branch="false"/>
						<line number="65" hits="16" branch="false"/>
						<line number="69" hits="16" branch="false"/>
						<line number="73" hits="24" branch="false"/>
					</lines>
				</class>
				<class name="com.google.gcloud.com.google.gcloud.spi.DatastoreRpcFactory" filename="com/google/gcloud/com/google/gcloud/spi/DatastoreRpcFactory.java" line-rate="1.0" branch-rate="1.0" complexity="0.0">
					<methods>
					</methods>
					<lines>
					</lines>
				</class>
				<class name="com.google.gcloud.com.google.gcloud.spi.DefaultDatastoreRpc" filename="com/google/gcloud/com/google/gcloud/spi/DefaultDatastoreRpc.java" line-rate="0.7142857142857143" branch-rate="0.5" complexity="3.75">
					<methods>
						<method name="&lt;clinit&gt;" signature="()V" line-rate="1.0" branch-rate="1.0">
							<lines>
								<line number="38" hits="1" branch="false"/>
								<line number="39" hits="1" branch="false"/>
								<line number="40" hits="9" branch="false"/>
								<line number="41" hits="8" branch="false"/>
								<line number="42" hits="8" branch="false"/>
								<line number="44" hits="1" branch="false"/>
								<line number="45" hits="1" branch="false"/>
								<line number="46" hits="1" branch="false"/>
							</lines>
						</method>
						<method name="&lt;init&gt;" signature="(Lcom/google/gcloud/datastore/DatastoreServiceOptions;)V" line-rate="1.0" branch-rate="1.0">
							<lines>
								<line number="48" hits="52" branch="false"/>
								<line number="49" hits="52" branch="false"/>
								<line number="55" hits="52" branch="false"/>
							</lines>
						</method>
						<method name="allocateIds" signature="(Lcom/google/api/services/datastore/DatastoreV1$AllocateIdsRequest;)Lcom/google/api/services/datastore/DatastoreV1$AllocateIdsResponse;" line-rate="0.3333333333333333" branch-rate="1.0">
							<lines>
								<line number="83" hits="4" branch="false"/>
								<line number="84" hits="0" branch="false"/>
								<line number="85" hits="0" branch="false"/>
							</lines>
						</method>
						<method name="beginTransaction" signature="(Lcom/google/api/services/datastore/DatastoreV1$BeginTransactionRequest;)Lcom/google/api/services/datastore/DatastoreV1$BeginTransactionResponse;" line-rate="0.3333333333333333" branch-rate="1.0">
							<lines>
								<line number="93" hits="6" branch="false"/>
								<line number="94" hits="0" branch="false"/>
								<line number="95" hits="0" branch="false"/>
							</lines>
						</method>
						<method name="commit" signature="(Lcom/google/api/services/datastore/DatastoreV1$CommitRequest;)Lcom/google/api/services/datastore/DatastoreV1$CommitResponse;" line-rate="1.0" branch-rate="1.0">
							<lines>
								<line number="102" hits="58" branch="false"/>
								<line number="103" hits="5" branch="false"/>
								<line number="104" hits="5" branch="false"/>
							</lines>
						</method>
						<method name="lookup" signature="(Lcom/google/api/services/datastore/DatastoreV1$LookupRequest;)Lcom/google/api/services/datastore/DatastoreV1$LookupResponse;" line-rate="0.3333333333333333" branch-rate="1.0">
							<lines>
								<line number="111" hits="47" branch="false"/>
								<line number="112" hits="0" branch="false"/>
								<line number="113" hits="0" branch="false"/>
							</lines>
						</method>
						<method name="rollback" signature="(Lcom/google/api/services/datastore/DatastoreV1$RollbackRequest;)Lcom/google/api/services/datastore/DatastoreV1$RollbackResponse;" line-rate="0.3333333333333333" branch-rate="1.0">
							<lines>
								<line number="120" hits="1" branch="false"/>
								<line number="121" hits="0" branch="false"/>
								<line number="122" hits="0" branch="false"/>
							</lines>
						</method>
						<method name="runQuery" signature="(Lcom/google/api/services/datastore/DatastoreV1$RunQueryRequest;)Lcom/google/api/services/datastore/DatastoreV1$RunQueryResponse;" line-rate="0.3333333333333333" branch-rate="1.0">
							<lines>
								<line number="129" hits="14" branch="false"/>
								<line number="130" hits="0" branch="false"/>
								<line number="131" hits="0" branch="false"/>
							</lines>
						</method>
						<method name="translate" signature="(Lcom/google/api/services/datastore/client/DatastoreException;)Lcom/google/gcloud/com/google/gcloud/spi/DatastoreRpc$DatastoreRpcException;" line-rate="0.8461538461538461" branch-rate="0.5">
							<lines>
								<line number="58" hits="5" branch="false"/>
								<line number="59" hits="5" branch="false"/>
								<line number="60" hits="5" branch="true" condition-coverage="50% (1/2)">
									<conditions>
										<condition number="0" type="jump" coverage="50%"/>
									</conditions>
								</line>
								<line number="62" hits="5" branch="false"/>
								<line number="63" hits="5" branch="false"/>
								<line number="64" hits="5" branch="false"/>
								<line number="65" hits="5" branch="false"/>
								<line number="66" hits="0" branch="false"/>
								<line number="68" hits="5" branch="false"/>
								<line number="70" hits="5" branch="false"/>
								<line number="71" hits="5" branch="true" condition-coverage="50% (1/2)">
									<conditions>
										<condition number="0" type="jump" coverage="50%"/>
									</conditions>
								</line>
								<line number="72" hits="0" branch="false"/>
								<line number="74" hits="5" branch="true" condition-coverage="50% (1/2)">
									<conditions>
										<condition number="0" type="jump" coverage="50%"/>
									</conditions>
								</line>
							</lines>
						</method>
					</methods>
					<lines>
						<line number="38" hits="1" branch="false"/>
						<line number="39" hits="1" branch="false"/>
[...]
								<line number="73" hits="0" branch="false"/>
							</lines>
						</method>
						<method name="methods" signature="([Lcom/google/gcloud/storage/Cors$Method;)Lcom/google/gcloud/storage/Cors$Builder;" line-rate="0.0" branch-rate="1.0">
							<lines>
								<line number="77" hits="0" branch="false"/>
								<line number="78" hits="0" branch="false"/>
							</lines>
						</method>
						<method name="origins" signature="([Lcom/google/gcloud/storage/Cors$Origin;)Lcom/google/gcloud/storage/Cors$Builder;" line-rate="0.0" branch-rate="1.0">
							<lines>
								<line number="82" hits="0" branch="false"/>
								<line number="83" hits="0" branch="false"/>
							</lines>
						</method>
						<method name="responseHeaders" signature="([Ljava/lang/String;)Lcom/google/gcloud/storage/Cors$Builder;" line-rate="0.0" branch-rate="1.0">
							<lines>
								<line number="87" hits="0" branch="false"/>
								<line number="88" hits="0" branch="false"/>
							</lines>
						</method>
					</methods>
					<lines>
						<line number="61" hits="0" branch="false"/>
						<line number="72" hits="0" branch="false"/>
						<line number="73" hits="0" branch="false"/>
						<line number="77" hits="0" branch="false"/>
						<line number="78" hits="0" branch="false"/>
						<line number="82" hits="0" branch="false"/>
						<line number="83" hits="0" branch="false"/>
						<line number="87" hits="0" branch="false"/>
						<line number="88" hits="0" branch="false"/>
						<line number="92" hits="0" branch="false"/>
					</lines>
				</class>
				<class name="com.google.gcloud.storage.Cors$Method" filename="com/google/gcloud/storage/Cors.java" line-rate="0.0" branch-rate="1.0" complexity="1.2">
					<methods>
						<method name="&lt;clinit&gt;" signature="()V" line-rate="0.0" branch-rate="1.0">
							<lines>
								<line number="32" hits="0" branch="false"/>
								<line number="33" hits="0" branch="false"/>
							</lines>
						</method>
						<method name="valueOf" signature="(Ljava/lang/String;)Lcom/google/gcloud/storage/Cors$Method;" line-rate="1.0" branch-rate="1.0">
							<lines>
							</lines>
						</method>
						<method name="values" signature="()[Lcom/google/gcloud/storage/Cors$Method;" line-rate="1.0" branch-rate="1.0">
							<lines>
							</lines>
						</method>
					</methods>
					<lines>
						<line number="32" hits="0" branch="false"/>
						<line number="33" hits="0" branch="false"/>
					</lines>
				</class>
				<class name="com.google.gcloud.storage.Cors$Origin" filename="com/google/gcloud/storage/Cors.java" line-rate="0.0" branch-rate="0.0" complexity="1.2">
					<methods>
						<method name="&lt;clinit&gt;" signature="()V" line-rate="0.0" branch-rate="1.0">
							<lines>
								<line number="40" hits="0" branch="false"/>
							</lines>
						</method>
						<method name="&lt;init&gt;" signature="(Ljava/lang/String;Ljava/lang/String;I)V" line-rate="0.0" branch-rate="1.0">
							<lines>
								<line number="46" hits="0" branch="false"/>
								<line number="48" hits="0" branch="false"/>
								<line number="49" hits="0" branch="false"/>
								<line number="50" hits="0" branch="false"/>
								<line number="51" hits="0" branch="false"/>
								<line number="53" hits="0" branch="false"/>
							</lines>
						</method>
						<method name="toString" signature="()Ljava/lang/String;" line-rate="0.0" branch-rate="0.0">
							<lines>
								<line number="57" hits="0" branch="true" condition-coverage="0% (0/2)">
									<conditions>
										<condition number="0" type="jump" coverage="0%"/>
									</conditions>
								</line>
							</lines>
						</method>
					</methods>
					<lines>
						<line number="40" hits="0" branch="false"/>
						<line number="46" hits="0" branch="false"/>
						<line number="48" hits="0" branch="false"/>
						<line number="49" hits="0" branch="false"/>
						<line number="50" hits="0" branch="false"/>
						<line number="51" hits="0" branch="false"/>
						<line number="53" hits="0" branch="false"/>
						<line number="57" hits="0" branch="true" condition-coverage="0% (0/2)">
							<conditions>
								<condition number="0" type="jump" coverage="0%"/>
							</conditions>
						</line>
					</lines>
				</class>
				<class name="com.google.gcloud.storage.InputChannel" filename="com/google/gcloud/storage/InputChannel.java" line-rate="1.0" branch-rate="1.0" complexity="1.0">
					<methods>
					</methods>
					<lines>
					</lines>
				</class>
				<class name="com.google.gcloud.storage.OutputChannel" filename="com/google/gcloud/storage/OutputChannel.java" line-rate="1.0" branch-rate="1.0" complexity="1.0">
					<methods>
					</methods>
					<lines>
					</lines>
				</class>
				<class name="com.google.gcloud.storage.StorageObject" filename="com/google/gcloud/storage/StorageObject.java" line-rate="1.0" branch-rate="1.0" complexity="1.0">
					<methods>
					</methods>
					<lines>
					</lines>
				</class>
				<class name="com.google.gcloud.storage.StorageObject$Builder" filename="com/google/gcloud/storage/StorageObject.java" line-rate="0.0" branch-rate="1.0" complexity="1.0">
					<methods>
						<method name="acl" signature="(Lcom/google/gcloud/storage/Acl;)Lcom/google/gcloud/storage/StorageObject$Builder;" line-rate="0.0" branch-rate="1.0">
							<lines>
								<line number="67" hits="0" branch="false"/>
								<line number="68" hits="0" branch="false"/>
							</lines>
						</method>
						<method name="bucket" signature="(Lcom/google/gcloud/storage/Bucket;)Lcom/google/gcloud/storage/StorageObject$Builder;" line-rate="0.0" branch-rate="1.0">
							<lines>
								<line number="62" hits="0" branch="false"/>
								<line number="63" hits="0" branch="false"/>
							</lines>
						</method>
						<method name="content" signature="(Ljava/nio/ByteBuffer;)Lcom/google/gcloud/storage/StorageObject$Builder;" line-rate="0.0" branch-rate="1.0">
							<lines>
								<line number="72" hits="0" branch="false"/>
								<line number="73" hits="0" branch="false"/>
							</lines>
						</method>
						<method name="name" signature="(Ljava/lang/String;)Lcom/google/gcloud/storage/StorageObject$Builder;" line-rate="0.0" branch-rate="1.0">
							<lines>
								<line number="57" hits="0" branch="false"/>
								<line number="58" hits="0" branch="false"/>
							</lines>
						</method>
					</methods>
					<lines>
						<line number="57" hits="0" branch="false"/>
						<line number="58" hits="0" branch="false"/>
						<line number="62" hits="0" branch="false"/>
						<line number="63" hits="0" branch="false"/>
						<line number="67" hits="0" branch="false"/>
						<line number="68" hits="0" branch="false"/>
						<line number="72" hits="0" branch="false"/>
						<line number="73" hits="0" branch="false"/>
					</lines>
				</class>
				<class name="com.google.gcloud.storage.StorageObject$Key" filename="com/google/gcloud/storage/StorageObject.java" line-rate="0.0" branch-rate="1.0" complexity="1.0">
					<methods>
						<method name="&lt;init&gt;" signature="(Lcom/google/gcloud/storage/Bucket;Ljava/lang/String;)V" line-rate="0.0" branch-rate="1.0">
							<lines>
								<line number="31" hits="0" branch="false"/>
								<line number="32" hits="0" branch="false"/>
								<line number="33" hits="0" branch="false"/>
								<line number="34" hits="0" branch="false"/>
							</lines>
						</method>
						<method name="bucket" signature="()Ljava/lang/String;" line-rate="0.0" branch-rate="1.0">
							<lines>
								<line number="37" hits="0" branch="false"/>
							</lines>
						</method>
						<method name="name" signature="()Ljava/lang/String;" line-rate="0.0" branch-rate="1.0">
							<lines>
								<line number="41" hits="0" branch="false"/>
							</lines>
						</method>
					</methods>
					<lines>
						<line number="31" hits="0" branch="false"/>
						<line number="32" hits="0" branch="false"/>
						<line number="33" hits="0" branch="false"/>
						<line number="34" hits="0" branch="false"/>
						<line number="37" hits="0" branch="false"/>
						<line number="41" hits="0" branch="false"/>
					</lines>
				</class>
				<class name="com.google.gcloud.storage.StorageService" filename="com/google/gcloud/storage/StorageService.java" line-rate="1.0" branch-rate="1.0" complexity="1.0">
					<methods>
					</methods>
					<lines>
					</lines>
				</class>
				<class name="com.google.gcloud.storage.StorageServiceException" filename="com/google/gcloud/storage/StorageServiceException.java" line-rate="1.0" branch-rate="1.0" complexity="1.0">
					<methods>
					</methods>
					<lines>
					</lines>
				</class>
				<class name="com.google.gcloud.storage.StorageServiceFactory" filename="com/google/gcloud/storage/StorageServiceFactory.java" line-rate="0.0" branch-rate="1.0" complexity="1.0">
					<methods>
						<method name="&lt;clinit&gt;" signature="()V" line-rate="0.0" branch-rate="1.0">
							<lines>
								<line number="23" hits="0" branch="false"/>
							</lines>
						</method>
						<method name="getDefault" signature="(Lcom/google/gcloud/storage/StorageServiceOptions;)Lcom/google/gcloud/storage/StorageService;" line-rate="0.0" branch-rate="1.0">
							<lines>
								<line number="31" hits="0" branch="false"/>
							</lines>
						</method>
					</methods>
					<lines>
						<line number="23" hits="0" branch="false"/>
						<line number="31" hits="0" branch="false"/>
					</lines>
				</class>
				<class name="com.google.gcloud.storage.StorageServiceFactory$1" filename="com/google/gcloud/storage/StorageServiceFactory.java" line-rate="0.0" branch-rate="1.0" complexity="1.0">
					<methods>
						<method name="get" signature="(Lcom/google/gcloud/storage/StorageServiceOptions;)Lcom/google/gcloud/storage/StorageService;" line-rate="0.0" branch-rate="1.0">
							<lines>
								<line number="26" hits="0" branch="false"/>
							</lines>
						</method>
					</methods>
					<lines>
						<line number="26" hits="0" branch="false"/>
					</lines>
				</class>
				<class name="com.google.gcloud.storage.StorageServiceImpl" filename="com/google/gcloud/storage/StorageServiceImpl.java" line-rate="0.0" branch-rate="1.0" complexity="2.5">
					<methods>
						<method name="&lt;init&gt;" signature="(Lcom/google/gcloud/storage/StorageServiceOptions;)V" line-rate="0.0" branch-rate="1.0">
							<lines>
								<line number="31" hits="0" branch="false"/>
								<line number="32" hits="0" branch="false"/>
								<line number="33" hits="0" branch="false"/>
							</lines>
						</method>
						<method name="getBucket" signature="(Ljava/lang/String;)Lcom/google/gcloud/storage/Bucket;" line-rate="0.0" branch-rate="1.0">
							<lines>
								<line number="52" hits="0" branch="false"/>
								<line number="53" hits="0" branch="false"/>
								<line number="54" hits="0" branch="false"/>
							</lines>
						</method>
						<method name="listBuckets" signature="()Ljava/lang/Iterable;" line-rate="0.0" branch-rate="1.0">
							<lines>
								<line number="38" hits="0" branch="false"/>
								<line number="44" hits="0" branch="false"/>
								<line number="45" hits="0" branch="false"/>
							</lines>
						</method>
					</methods>
					<lines>
						<line number="31" hits="0" branch="false"/>
						<line number="32" hits="0" branch="false"/>
						<line number="33" hits="0" branch="false"/>
						<line number="38" hits="0" branch="false"/>
						<line number="44" hits="0" branch="false"/>
						<line number="45" hits="0" branch="false"/>
						<line number="52" hits="0" branch="false"/>
						<line number="53" hits="0" branch="false"/>
						<line number="54" hits="0" branch="false"/>
					</lines>
				</class>
				<class name="com.google.gcloud.storage.StorageServiceImpl$1" filename="com/google/gcloud/storage/StorageServiceImpl.java" line-rate="0.0" branch-rate="1.0" complexity="2.5">
					<methods>
						<method name="apply" signature="(Lcom/google/api/services/storage/model/Bucket;)Lcom/google/gcloud/storage/Bucket;" line-rate="0.0" branch-rate="1.0">
							<lines>
								<line number="41" hits="0" branch="false"/>
							</lines>
						</method>
						<method name="apply" signature="(Ljava/lang/Object;)Ljava/lang/Object;" line-rate="0.0" branch-rate="1.0">
							<lines>
								<line number="39" hits="0" branch="false"/>
							</lines>
						</method>
					</methods>
					<lines>
						<line number="39" hits="0" branch="false"/>
						<line number="41" hits="0" branch="false"/>
					</lines>
				</class>
				<class name="com.google.gcloud.storage.StorageServiceOptions" filename="com/google/gcloud/storage/StorageServiceOptions.java" line-rate="0.0" branch-rate="0.0" complexity="1.0769230769230769">
					<methods>
						<method name="&lt;clinit&gt;" signature="()V" line-rate="0.0" branch-rate="1.0">
							<lines>
								<line number="31" hits="0" branch="false"/>
							</lines>
						</method>
						<method name="&lt;init&gt;" signature="(Lcom/google/gcloud/storage/StorageServiceOptions$Builder;)V" line-rate="0.0" branch-rate="0.0">
							<lines>
								<line number="73" hits="0" branch="false"/>
								<line number="74" hits="0" branch="false"/>
								<line number="75" hits="0" branch="true" condition-coverage="0% (0/2)">
									<conditions>
										<condition number="0" type="jump" coverage="0%"/>
									</conditions>
								</line>
								<line number="76" hits="0" branch="true" condition-coverage="0% (0/2)">
									<conditions>
										<condition number="0" type="jump" coverage="0%"/>
									</conditions>
								</line>
								<line number="77" hits="0" branch="false"/>
								<line number="78" hits="0" branch="false"/>
							</lines>
						</method>
						<method name="&lt;init&gt;" signature="(Lcom/google/gcloud/storage/StorageServiceOptions$Builder;Lcom/google/gcloud/storage/StorageServiceOptions$1;)V" line-rate="0.0" branch-rate="1.0">
							<lines>
								<line number="28" hits="0" branch="false"/>
							</lines>
						</method>
						<method name="builder" signature="()Lcom/google/gcloud/storage/StorageServiceOptions$Builder;" line-rate="0.0" branch-rate="1.0">
							<lines>
								<line number="103" hits="0" branch="false"/>
							</lines>
						</method>
						<method name="pathDelimiter" signature="()Ljava/lang/String;" line-rate="0.0" branch-rate="1.0">
							<lines>
								<line number="94" hits="0" branch="false"/>
							</lines>
						</method>
						<method name="project" signature="()Ljava/lang/String;" line-rate="0.0" branch-rate="1.0">
							<lines>
								<line number="90" hits="0" branch="false"/>
							</lines>
						</method>
						<method name="scopes" signature="()Ljava/util/Set;" line-rate="0.0" branch-rate="1.0">
							<lines>
								<line number="82" hits="0" branch="false"/>
							</lines>
						</method>
						<method name="storageRpc" signature="()Lcom/google/gcloud/com/google/gcloud/spi/StorageRpc;" line-rate="0.0" branch-rate="1.0">
							<lines>
								<line number="86" hits="0" branch="false"/>
							</lines>
						</method>
						<method name="toBuilder" signature="()Lcom/google/gcloud/ServiceOptions$Builder;" line-rate="1.0" branch-rate="1.0">
							<lines>
							</lines>
						</method>
						<method name="toBuilder" signature="()Lcom/google/gcloud/storage/StorageServiceOptions$Builder;" line-rate="0.0" branch-rate="1.0">
							<lines>
								<line number="99" hits="0" branch="false"/>
							</lines>
						</method>
					</methods>
					<lines>
						<line number="28" hits="0" branch="false"/>
						<line number="31" hits="0" branch="false"/>
						<line number="73" hits="0" branch="false"/>
						<line number="74" hits="0" branch="false"/>
						<line number="75" hits="0" branch="true" condition-coverage="0% (0/2)">
							<conditions>
								<condition number="0" type="jump" coverage="0%"/>
							</conditions>
						</line>
						<line number="76" hits="0" branch="true" condition-coverage="0% (0/2)">
							<conditions>
								<condition number="0" type="jump" coverage="0%"/>
							</conditions>
						</line>
						<line number="77" hits="0" branch="false"/>
						<line number="78" hits="0" branch="false"/>
						<line number="82" hits="0" branch="false"/>
						<line number="86" hits="0" branch="false"/>
						<line number="90" hits="0" branch="false"/>
						<line number="94" hits="0" branch="false"/>
						<line number="99" hits="0" branch="false"/>
						<line number="103" hits="0" branch="false"/>
					</lines>
				</class>
				<class name="com.google.gcloud.storage.StorageServiceOptions$1" filename="com/google/gcloud/storage/StorageServiceOptions.java" line-rate="1.0" branch-rate="1.0" complexity="1.0769230769230769">
					<methods>
					</methods>
					<lines>
					</lines>
				</class>
				<class name="com.google.gcloud.storage.StorageServiceOptions$Builder" filename="com/google/gcloud/storage/StorageServiceOptions.java" line-rate="0.0" branch-rate="1.0" complexity="1.0769230769230769">
					<methods>
						<method name="&lt;init&gt;" signature="(Lcom/google/gcloud/storage/StorageServiceOptions$1;)V" line-rate="0.0" branch-rate="1.0">
							<lines>
								<line number="38" hits="0" branch="false"/>
							</lines>
						</method>
						<method name="&lt;init&gt;" signature="(Lcom/google/gcloud/storage/StorageServiceOptions;Lcom/google/gcloud/storage/StorageServiceOptions$1;)V" line-rate="1.0" branch-rate="1.0">
							<lines>
							</lines>
						</method>
						<method name="access$100" signature="(Lcom/google/gcloud/storage/StorageServiceOptions$Builder;)Ljava/lang/String;" line-rate="1.0" branch-rate="1.0">
							<lines>
							</lines>
						</method>
						<method name="access$200" signature="(Lcom/google/gcloud/storage/StorageServiceOptions$Builder;)Ljava/lang/String;" line-rate="1.0" branch-rate="1.0">
							<lines>
							</lines>
						</method>
						<method name="access$300" signature="(Lcom/google/gcloud/storage/StorageServiceOptions$Builder;)Lcom/google/gcloud/com/google/gcloud/spi/StorageRpc;" line-rate="1.0" branch-rate="1.0">
							<lines>
							</lines>
						</method>
						<method name="build" signature="()Lcom/google/gcloud/ServiceOptions;" line-rate="1.0" branch-rate="1.0">
							<lines>
							</lines>
						</method>
						<method name="build" signature="()Lcom/google/gcloud/storage/StorageServiceOptions;" line-rate="0.0" branch-rate="1.0">
							<lines>
								<line number="68" hits="0" branch="false"/>
							</lines>
						</method>
						<method name="pathDelimiter" signature="(Ljava/lang/String;)Lcom/google/gcloud/storage/StorageServiceOptions$Builder;" line-rate="0.0" branch-rate="1.0">
							<lines>
								<line number="57" hits="0" branch="false"/>
								<line number="58" hits="0" branch="false"/>
							</lines>
						</method>
						<method name="project" signature="(Ljava/lang/String;)Lcom/google/gcloud/storage/StorageServiceOptions$Builder;" line-rate="0.0" branch-rate="1.0">
							<lines>
								<line number="52" hits="0" branch="false"/>
								<line number="53" hits="0" branch="false"/>
							</lines>
						</method>
						<method name="storageRpc" signature="(Lcom/google/gcloud/com/google/gcloud/spi/StorageRpc;)Lcom/google/gcloud/storage/StorageServiceOptions$Builder;" line-rate="0.0" branch-rate="1.0">
							<lines>
								<line number="62" hits="0" branch="false"/>
								<line number="63" hits="0" branch="false"/>
							</lines>
						</method>
					</methods>
					<lines>
						<line number="38" hits="0" branch="false"/>
						<line number="52" hits="0" branch="false"/>
						<line number="53" hits="0" branch="false"/>
						<line number="57" hits="0" branch="false"/>
						<line number="58" hits="0" branch="false"/>
						<line number="62" hits="0" branch="false"/>
						<line number="63" hits="0" branch="false"/>
						<line number="68" hits="0" branch="false"/>
					</lines>
				</class>
			</classes>
		</package>
	</packages>
</coverage>
